2025-08-09 14:01:17.238 [info] Extension host with pid 35420 started
2025-08-09 14:01:17.257 [info] ExtensionService#_doActivateExtension vscode.git-base, startup: true, activationEvent: '*', root cause: vscode.git
2025-08-09 14:01:17.266 [info] ExtensionService#_doActivateExtension vscode.git, startup: true, activationEvent: '*'
2025-08-09 14:01:17.292 [info] ExtensionService#_doActivateExtension vscode.github, startup: true, activationEvent: '*'
2025-08-09 14:01:17.339 [info] Eager extensions activated
2025-08-09 14:01:17.340 [info] ExtensionService#_doActivateExtension vscode.debug-auto-launch, startup: false, activationEvent: 'onStartupFinished'
2025-08-09 14:01:17.341 [info] ExtensionService#_doActivateExtension vscode.merge-conflict, startup: false, activationEvent: 'onStartupFinished'
2025-08-09 14:01:17.352 [info] ExtensionService#_doActivateExtension Catppuccin.catppuccin-vsc, startup: false, activationEvent: 'onStartupFinished'
2025-08-09 14:01:17.356 [info] ExtensionService#_doActivateExtension Catppuccin.catppuccin-vsc-icons, startup: false, activationEvent: 'onStartupFinished'
2025-08-09 14:01:17.409 [info] ExtensionService#_doActivateExtension Continue.continue, startup: false, activationEvent: 'onStartupFinished'
2025-08-09 14:01:17.779 [info] ExtensionService#_doActivateExtension vscode.configuration-editing, startup: false, activationEvent: 'onLanguage:jsonc'
2025-08-09 14:01:17.784 [info] ExtensionService#_doActivateExtension vscode.json-language-features, startup: false, activationEvent: 'onLanguage:jsonc'
2025-08-09 14:01:17.815 [info] ExtensionService#_doActivateExtension vscode.typescript-language-features, startup: false, activationEvent: 'onLanguage:jsonc'
2025-08-09 14:01:17.841 [info] ExtensionService#_doActivateExtension vscode.emmet, startup: false, activationEvent: 'onLanguage'
2025-08-09 14:01:28.283 [info] Extension host terminating: renderer closed the MessagePort
2025-08-09 14:01:28.290 [info] Extension host with pid 35420 exiting with code 0
2025-08-09 14:01:28.875 [info] Extension host with pid 35533 started
2025-08-09 14:01:28.875 [info] Skipping acquiring lock for /home/sirdicholas/.config/VSCodium/User/workspaceStorage/ba32be80ec2d6d444358cc41f0df55a2.
2025-08-09 14:01:28.902 [info] ExtensionService#_doActivateExtension vscode.git-base, startup: true, activationEvent: '*', root cause: vscode.git
2025-08-09 14:01:28.938 [info] ExtensionService#_doActivateExtension vscode.git, startup: true, activationEvent: '*'
2025-08-09 14:01:28.967 [info] ExtensionService#_doActivateExtension vscode.github, startup: true, activationEvent: '*'
2025-08-09 14:01:29.015 [info] ExtensionService#_doActivateExtension vscode.emmet, startup: false, activationEvent: 'onLanguage'
2025-08-09 14:01:29.038 [info] Eager extensions activated
2025-08-09 14:01:29.042 [info] ExtensionService#_doActivateExtension vscode.debug-auto-launch, startup: false, activationEvent: 'onStartupFinished'
2025-08-09 14:01:29.043 [info] ExtensionService#_doActivateExtension vscode.merge-conflict, startup: false, activationEvent: 'onStartupFinished'
2025-08-09 14:01:29.054 [info] ExtensionService#_doActivateExtension Catppuccin.catppuccin-vsc, startup: false, activationEvent: 'onStartupFinished'
2025-08-09 14:01:29.056 [info] ExtensionService#_doActivateExtension Catppuccin.catppuccin-vsc-icons, startup: false, activationEvent: 'onStartupFinished'
2025-08-09 14:01:29.108 [info] ExtensionService#_doActivateExtension Continue.continue, startup: false, activationEvent: 'onStartupFinished'
2025-08-09 14:01:29.476 [info] ExtensionService#_doActivateExtension vscode.configuration-editing, startup: false, activationEvent: 'onLanguage:jsonc'
2025-08-09 14:01:29.484 [info] ExtensionService#_doActivateExtension vscode.json-language-features, startup: false, activationEvent: 'onLanguage:jsonc'
2025-08-09 14:01:29.517 [info] ExtensionService#_doActivateExtension vscode.typescript-language-features, startup: false, activationEvent: 'onLanguage:jsonc'
2025-08-09 14:01:29.578 [info] ExtensionService#_doActivateExtension vscode.github-authentication, startup: false, activationEvent: 'onAuthenticationRequest:github'
2025-08-09 14:01:30.660 [info] ExtensionService#_doActivateExtension vscode.extension-editing, startup: false, activationEvent: 'onLanguage:markdown'
2025-08-09 14:01:30.667 [info] ExtensionService#_doActivateExtension vscode.markdown-language-features, startup: false, activationEvent: 'onLanguage:markdown'
2025-08-09 14:01:30.890 [info] ExtensionService#_doActivateExtension vscode.markdown-math, startup: false, activationEvent: 'api', root cause: vscode.markdown-language-features
2025-08-09 14:13:57.706 [info] ExtensionService#_doActivateExtension vscode.npm, startup: false, activationEvent: 'onTerminalQuickFixRequest:ms-vscode.npm-command'
2025-08-09 14:16:25.973 [warning] TextEditor is closed/disposed
2025-08-09 14:23:12.163 [warning] TextEditor is closed/disposed
2025-08-09 14:34:29.923 [warning] TextEditor is closed/disposed
2025-08-09 14:35:46.519 [warning] TextEditor is closed/disposed
2025-08-09 18:36:12.389 [warning] TextEditor is closed/disposed
2025-08-09 18:37:30.111 [warning] TextEditor is closed/disposed
2025-08-09 20:32:49.213 [info] Extension host terminating: renderer closed the MessagePort
2025-08-09 20:32:49.221 [info] Extension host with pid 35533 exiting with code 0
