2025-08-10 07:14:58.449 [info] [main] Log level: Info
2025-08-10 07:14:58.449 [info] [main] Validating found git in: "git"
2025-08-10 07:14:58.449 [info] [main] Using git "2.50.1" from "git"
2025-08-10 07:14:58.449 [info] [Model][doInitialScan] Initial repository scan started
2025-08-10 07:14:58.449 [info] > git rev-parse --show-toplevel [3ms]
2025-08-10 07:14:58.449 [info] > git rev-parse --git-dir --git-common-dir --show-superproject-working-tree [2ms]
2025-08-10 07:14:58.449 [info] [Model][openRepository] Opened repository (path): /home/sirdicholas/dev/sirArch
2025-08-10 07:14:58.449 [info] [Model][openRepository] Opened repository (real path): /home/sirdicholas/dev/sirArch
2025-08-10 07:14:58.449 [info] [Model][openRepository] Opened repository (kind): repository
2025-08-10 07:14:58.449 [info] > git rev-parse --show-toplevel [1ms]
2025-08-10 07:14:58.449 [info] > git config --get commit.template [2ms]
2025-08-10 07:14:58.449 [info] > git rev-parse --show-toplevel [2ms]
2025-08-10 07:14:58.449 [info] > git for-each-ref --format=%(refname)%00%(upstream:short)%00%(objectname)%00%(upstream:track)%00%(upstream:remotename)%00%(upstream:remoteref) refs/heads/main refs/remotes/main [2ms]
2025-08-10 07:14:58.449 [info] > git rev-parse --show-toplevel [0ms]
2025-08-10 07:14:58.449 [info] > git status -z -uall [2ms]
2025-08-10 07:14:58.449 [info] > git rev-parse --show-toplevel [3ms]
2025-08-10 07:14:58.449 [info] > git for-each-ref --sort -committerdate --format %(refname)%00%(objectname)%00%(*objectname) [6ms]
2025-08-10 07:14:58.450 [info] > git for-each-ref --format=%(refname)%00%(upstream:short)%00%(objectname)%00%(upstream:track)%00%(upstream:remotename)%00%(upstream:remoteref) refs/heads/main refs/remotes/main [2ms]
2025-08-10 07:14:58.452 [info] > git rev-parse --show-toplevel [15ms]
2025-08-10 07:14:58.898 [info] > git config --get --local branch.main.vscode-merge-base [446ms]
2025-08-10 07:14:58.900 [info] > git config --get commit.template [449ms]
2025-08-10 07:14:58.910 [info] > git for-each-ref --format=%(refname)%00%(upstream:short)%00%(objectname)%00%(upstream:track)%00%(upstream:remotename)%00%(upstream:remoteref) refs/heads/origin/main refs/remotes/origin/main [11ms]
2025-08-10 07:14:58.912 [info] > git rev-parse --show-toplevel [14ms]
2025-08-10 07:14:58.913 [info] [Model][doInitialScan] Initial repository scan completed - repositories (1), closed repositories (0), parent repositories (0), unsafe repositories (0)
2025-08-10 07:14:58.915 [info] > git merge-base refs/heads/main refs/remotes/origin/main [3ms]
2025-08-10 07:14:58.917 [info] > git for-each-ref --format=%(refname)%00%(upstream:short)%00%(objectname)%00%(upstream:track)%00%(upstream:remotename)%00%(upstream:remoteref) refs/heads/main refs/remotes/main [3ms]
2025-08-10 07:14:58.921 [info] > git show --textconv :src/install.sh [2ms]
2025-08-10 07:14:58.922 [info] > git diff --name-status -z --diff-filter=ADMR 636bd1ee8d71932388acae4c316948829a6962c1...refs/remotes/origin/main [4ms]
2025-08-10 07:14:58.923 [info] > git ls-files --stage -- src/install.sh [2ms]
2025-08-10 07:14:58.997 [info] > git status -z -uall [8ms]
2025-08-10 07:14:58.997 [info] > git cat-file -s 8eb5936e92d41cc01cd101befe2cbf5a034e8294 [72ms]
2025-08-10 07:14:59.015 [info] > git for-each-ref --sort -committerdate --format %(refname)%00%(objectname)%00%(*objectname) [19ms]
2025-08-10 07:14:59.019 [info] > git check-ignore -v -z --stdin [16ms]
2025-08-10 07:15:12.158 [info] > git show --textconv :src/packages.txt [2ms]
2025-08-10 07:15:12.159 [info] > git ls-files --stage -- src/packages.txt [1ms]
2025-08-10 07:15:12.161 [info] > git cat-file -s 75f7889f232f3f2022d2b65c7c647c31e3308853 [1ms]
2025-08-10 07:15:12.178 [info] > git blame --root --incremental 636bd1ee8d71932388acae4c316948829a6962c1 -- src/packages.txt [1ms]
2025-08-10 07:23:57.060 [info] > git config --get commit.template [4ms]
2025-08-10 07:23:57.060 [info] > git for-each-ref --format=%(refname)%00%(upstream:short)%00%(objectname)%00%(upstream:track)%00%(upstream:remotename)%00%(upstream:remoteref) refs/heads/main refs/remotes/main [1ms]
2025-08-10 07:23:57.066 [info] > git status -z -uall [3ms]
2025-08-10 07:23:57.067 [info] > git for-each-ref --sort -committerdate --format %(refname)%00%(objectname)%00%(*objectname) [1ms]
2025-08-10 07:24:16.804 [info] > git show --textconv :src/ignore.txt [3ms]
2025-08-10 07:24:16.807 [info] > git ls-files --stage -- src/ignore.txt [3ms]
2025-08-10 07:24:16.810 [info] > git hash-object -t tree /dev/null [3ms]
2025-08-10 07:24:16.810 [warning] [GitFileSystemProvider][readFile] File not found - git:/home/sirdicholas/dev/sirArch/src/ignore.txt.git?%7B%22path%22%3A%22%2Fhome%2Fsirdicholas%2Fdev%2FsirArch%2Fsrc%2Fignore.txt%22%2C%22ref%22%3A%22%22%7D
2025-08-10 07:24:16.811 [info] > git hash-object -t tree /dev/null [1ms]
2025-08-10 07:24:16.811 [warning] [GitFileSystemProvider][stat] File not found - git:/home/sirdicholas/dev/sirArch/src/ignore.txt.git?%7B%22path%22%3A%22%2Fhome%2Fsirdicholas%2Fdev%2FsirArch%2Fsrc%2Fignore.txt%22%2C%22ref%22%3A%22%22%7D
2025-08-10 07:24:17.090 [info] > git check-ignore -v -z --stdin [1ms]
2025-08-10 07:24:17.640 [info] > git config --get commit.template [3ms]
2025-08-10 07:24:17.641 [info] > git for-each-ref --format=%(refname)%00%(upstream:short)%00%(objectname)%00%(upstream:track)%00%(upstream:remotename)%00%(upstream:remoteref) refs/heads/main refs/remotes/main [1ms]
2025-08-10 07:24:17.646 [info] > git status -z -uall [3ms]
2025-08-10 07:24:17.647 [info] > git for-each-ref --sort -committerdate --format %(refname)%00%(objectname)%00%(*objectname) [1ms]
2025-08-10 07:24:19.607 [info] > git blame --root --incremental 636bd1ee8d71932388acae4c316948829a6962c1 -- src/install.sh [25ms]
2025-08-10 07:25:36.480 [info] > git config --get commit.template [3ms]
2025-08-10 07:25:36.480 [info] > git for-each-ref --format=%(refname)%00%(upstream:short)%00%(objectname)%00%(upstream:track)%00%(upstream:remotename)%00%(upstream:remoteref) refs/heads/main refs/remotes/main [0ms]
2025-08-10 07:25:36.487 [info] > git status -z -uall [4ms]
2025-08-10 07:25:36.487 [info] > git for-each-ref --sort -committerdate --format %(refname)%00%(objectname)%00%(*objectname) [1ms]
2025-08-10 07:29:16.117 [info] > git config --get commit.template [4ms]
2025-08-10 07:29:16.127 [info] > git for-each-ref --format=%(refname)%00%(upstream:short)%00%(objectname)%00%(upstream:track)%00%(upstream:remotename)%00%(upstream:remoteref) refs/heads/main refs/remotes/main [11ms]
2025-08-10 07:29:16.134 [info] > git status -z -uall [4ms]
2025-08-10 07:29:16.134 [info] > git for-each-ref --sort -committerdate --format %(refname)%00%(objectname)%00%(*objectname) [1ms]
2025-08-10 07:35:00.180 [info] > git show --textconv :src/packages.txt [4ms]
2025-08-10 07:35:00.180 [info] > git ls-files --stage -- src/packages.txt [0ms]
2025-08-10 07:35:00.184 [info] > git cat-file -s 75f7889f232f3f2022d2b65c7c647c31e3308853 [1ms]
2025-08-10 07:35:07.579 [info] > git config --get commit.template [4ms]
2025-08-10 07:35:07.579 [info] > git for-each-ref --format=%(refname)%00%(upstream:short)%00%(objectname)%00%(upstream:track)%00%(upstream:remotename)%00%(upstream:remoteref) refs/heads/main refs/remotes/main [1ms]
2025-08-10 07:35:07.585 [info] > git status -z -uall [3ms]
2025-08-10 07:35:07.586 [info] > git for-each-ref --sort -committerdate --format %(refname)%00%(objectname)%00%(*objectname) [1ms]
2025-08-10 07:38:39.481 [info] > git config --get commit.template [4ms]
2025-08-10 07:38:39.481 [info] > git for-each-ref --format=%(refname)%00%(upstream:short)%00%(objectname)%00%(upstream:track)%00%(upstream:remotename)%00%(upstream:remoteref) refs/heads/main refs/remotes/main [1ms]
2025-08-10 07:38:39.487 [info] > git status -z -uall [3ms]
2025-08-10 07:38:39.488 [info] > git for-each-ref --sort -committerdate --format %(refname)%00%(objectname)%00%(*objectname) [1ms]
2025-08-10 07:39:53.945 [info] > git config --get commit.template [4ms]
2025-08-10 07:39:53.945 [info] > git for-each-ref --format=%(refname)%00%(upstream:short)%00%(objectname)%00%(upstream:track)%00%(upstream:remotename)%00%(upstream:remoteref) refs/heads/main refs/remotes/main [1ms]
2025-08-10 07:39:53.951 [info] > git status -z -uall [3ms]
2025-08-10 07:39:53.952 [info] > git for-each-ref --sort -committerdate --format %(refname)%00%(objectname)%00%(*objectname) [1ms]
2025-08-10 07:40:34.595 [info] > git config --get commit.template [3ms]
2025-08-10 07:40:34.595 [info] > git for-each-ref --format=%(refname)%00%(upstream:short)%00%(objectname)%00%(upstream:track)%00%(upstream:remotename)%00%(upstream:remoteref) refs/heads/main refs/remotes/main [0ms]
2025-08-10 07:40:34.601 [info] > git status -z -uall [3ms]
2025-08-10 07:40:34.601 [info] > git for-each-ref --sort -committerdate --format %(refname)%00%(objectname)%00%(*objectname) [0ms]
2025-08-10 07:41:44.319 [info] > git config --get commit.template [3ms]
2025-08-10 07:41:44.319 [info] > git for-each-ref --format=%(refname)%00%(upstream:short)%00%(objectname)%00%(upstream:track)%00%(upstream:remotename)%00%(upstream:remoteref) refs/heads/main refs/remotes/main [0ms]
2025-08-10 07:41:44.325 [info] > git status -z -uall [3ms]
2025-08-10 07:41:44.325 [info] > git for-each-ref --sort -committerdate --format %(refname)%00%(objectname)%00%(*objectname) [0ms]
2025-08-10 07:44:45.008 [info] > git config --get commit.template [3ms]
2025-08-10 07:44:45.009 [info] > git for-each-ref --format=%(refname)%00%(upstream:short)%00%(objectname)%00%(upstream:track)%00%(upstream:remotename)%00%(upstream:remoteref) refs/heads/main refs/remotes/main [1ms]
2025-08-10 07:44:45.014 [info] > git status -z -uall [3ms]
2025-08-10 07:44:45.015 [info] > git for-each-ref --sort -committerdate --format %(refname)%00%(objectname)%00%(*objectname) [1ms]
2025-08-10 07:44:51.241 [info] > git config --get commit.template [1ms]
2025-08-10 07:44:51.245 [info] > git for-each-ref --format=%(refname)%00%(upstream:short)%00%(objectname)%00%(upstream:track)%00%(upstream:remotename)%00%(upstream:remoteref) refs/heads/main refs/remotes/main [1ms]
2025-08-10 07:44:51.250 [info] > git status -z -uall [3ms]
2025-08-10 07:44:51.251 [info] > git for-each-ref --sort -committerdate --format %(refname)%00%(objectname)%00%(*objectname) [1ms]
2025-08-10 07:47:10.615 [info] > git config --get commit.template [3ms]
2025-08-10 07:47:10.615 [info] > git for-each-ref --format=%(refname)%00%(upstream:short)%00%(objectname)%00%(upstream:track)%00%(upstream:remotename)%00%(upstream:remoteref) refs/heads/main refs/remotes/main [0ms]
2025-08-10 07:47:10.622 [info] > git status -z -uall [3ms]
2025-08-10 07:47:10.623 [info] > git for-each-ref --sort -committerdate --format %(refname)%00%(objectname)%00%(*objectname) [1ms]
2025-08-10 07:57:05.148 [info] > git show --textconv :src/packages.txt [3ms]
2025-08-10 07:57:05.148 [info] > git ls-files --stage -- src/packages.txt [0ms]
2025-08-10 07:57:05.152 [info] > git cat-file -s 75f7889f232f3f2022d2b65c7c647c31e3308853 [1ms]
2025-08-10 07:57:08.347 [info] > git log --format=%H%n%aN%n%aE%n%at%n%ct%n%P%n%D%n%B -z --shortstat --diff-merges=first-parent -n50 --skip=0 --topo-order --decorate=full --stdin [12ms]
2025-08-10 07:57:20.190 [info] > git show --textconv :src/packages.txt [3ms]
2025-08-10 07:57:20.190 [info] > git ls-files --stage -- src/packages.txt [0ms]
2025-08-10 07:57:20.193 [info] > git cat-file -s 75f7889f232f3f2022d2b65c7c647c31e3308853 [0ms]
2025-08-10 07:57:21.051 [info] > git config --get commit.template [4ms]
2025-08-10 07:57:21.051 [info] > git for-each-ref --format=%(refname)%00%(upstream:short)%00%(objectname)%00%(upstream:track)%00%(upstream:remotename)%00%(upstream:remoteref) refs/heads/main refs/remotes/main [1ms]
2025-08-10 07:57:21.057 [info] > git status -z -uall [3ms]
2025-08-10 07:57:21.057 [info] > git for-each-ref --sort -committerdate --format %(refname)%00%(objectname)%00%(*objectname) [0ms]
2025-08-10 08:09:08.207 [info] > git config --get commit.template [4ms]
2025-08-10 08:09:08.207 [info] > git for-each-ref --format=%(refname)%00%(upstream:short)%00%(objectname)%00%(upstream:track)%00%(upstream:remotename)%00%(upstream:remoteref) refs/heads/main refs/remotes/main [1ms]
2025-08-10 08:09:08.214 [info] > git status -z -uall [4ms]
2025-08-10 08:09:08.214 [info] > git for-each-ref --sort -committerdate --format %(refname)%00%(objectname)%00%(*objectname) [0ms]
2025-08-10 08:09:08.767 [info] > git check-ignore -v -z --stdin [1ms]
2025-08-10 08:09:13.224 [info] > git config --get commit.template [3ms]
2025-08-10 08:09:13.224 [info] > git for-each-ref --format=%(refname)%00%(upstream:short)%00%(objectname)%00%(upstream:track)%00%(upstream:remotename)%00%(upstream:remoteref) refs/heads/main refs/remotes/main [0ms]
2025-08-10 08:09:13.230 [info] > git status -z -uall [3ms]
2025-08-10 08:09:13.230 [info] > git for-each-ref --sort -committerdate --format %(refname)%00%(objectname)%00%(*objectname) [0ms]
2025-08-10 08:09:14.775 [info] > git show --textconv :src/packages.txt [3ms]
2025-08-10 08:09:14.775 [info] > git ls-files --stage -- src/packages.txt [0ms]
2025-08-10 08:09:14.779 [info] > git cat-file -s 75f7889f232f3f2022d2b65c7c647c31e3308853 [1ms]
2025-08-10 08:09:18.240 [info] > git config --get commit.template [3ms]
2025-08-10 08:09:18.240 [info] > git for-each-ref --format=%(refname)%00%(upstream:short)%00%(objectname)%00%(upstream:track)%00%(upstream:remotename)%00%(upstream:remoteref) refs/heads/main refs/remotes/main [0ms]
2025-08-10 08:09:18.246 [info] > git status -z -uall [3ms]
2025-08-10 08:09:18.247 [info] > git for-each-ref --sort -committerdate --format %(refname)%00%(objectname)%00%(*objectname) [1ms]
2025-08-10 08:10:25.245 [info] > git show --textconv :src/packages.txt [3ms]
2025-08-10 08:10:25.246 [info] > git ls-files --stage -- src/packages.txt [1ms]
2025-08-10 08:10:25.249 [info] > git cat-file -s 75f7889f232f3f2022d2b65c7c647c31e3308853 [1ms]
2025-08-10 08:10:53.746 [info] > git show --textconv :src/packages.txt [3ms]
2025-08-10 08:10:53.747 [info] > git ls-files --stage -- src/packages.txt [1ms]
2025-08-10 08:10:53.750 [info] > git cat-file -s 75f7889f232f3f2022d2b65c7c647c31e3308853 [1ms]
2025-08-10 08:11:03.096 [info] > git config --get commit.template [4ms]
2025-08-10 08:11:03.096 [info] > git for-each-ref --format=%(refname)%00%(upstream:short)%00%(objectname)%00%(upstream:track)%00%(upstream:remotename)%00%(upstream:remoteref) refs/heads/main refs/remotes/main [0ms]
2025-08-10 08:11:03.103 [info] > git status -z -uall [4ms]
2025-08-10 08:11:03.103 [info] > git for-each-ref --sort -committerdate --format %(refname)%00%(objectname)%00%(*objectname) [1ms]
2025-08-10 08:15:57.300 [info] > git show --textconv :src/packages.txt [4ms]
2025-08-10 08:15:57.300 [info] > git ls-files --stage -- src/packages.txt [1ms]
2025-08-10 08:15:57.303 [info] > git cat-file -s 75f7889f232f3f2022d2b65c7c647c31e3308853 [0ms]
2025-08-10 08:16:24.502 [info] > git show --textconv :src/packages.txt [4ms]
2025-08-10 08:16:24.502 [info] > git ls-files --stage -- src/packages.txt [1ms]
2025-08-10 08:16:24.505 [info] > git cat-file -s 75f7889f232f3f2022d2b65c7c647c31e3308853 [0ms]
2025-08-10 08:16:33.420 [info] > git config --get commit.template [4ms]
2025-08-10 08:16:33.420 [info] > git for-each-ref --format=%(refname)%00%(upstream:short)%00%(objectname)%00%(upstream:track)%00%(upstream:remotename)%00%(upstream:remoteref) refs/heads/main refs/remotes/main [0ms]
2025-08-10 08:16:33.427 [info] > git status -z -uall [4ms]
2025-08-10 08:16:33.427 [info] > git for-each-ref --sort -committerdate --format %(refname)%00%(objectname)%00%(*objectname) [1ms]
2025-08-10 08:21:54.424 [info] > git show --textconv :src/packages.txt [4ms]
2025-08-10 08:21:54.424 [info] > git ls-files --stage -- src/packages.txt [1ms]
2025-08-10 08:21:54.427 [info] > git cat-file -s 75f7889f232f3f2022d2b65c7c647c31e3308853 [0ms]
2025-08-10 08:22:01.747 [info] > git config --get commit.template [3ms]
2025-08-10 08:22:01.747 [info] > git for-each-ref --format=%(refname)%00%(upstream:short)%00%(objectname)%00%(upstream:track)%00%(upstream:remotename)%00%(upstream:remoteref) refs/heads/main refs/remotes/main [0ms]
2025-08-10 08:22:01.753 [info] > git status -z -uall [3ms]
2025-08-10 08:22:01.753 [info] > git for-each-ref --sort -committerdate --format %(refname)%00%(objectname)%00%(*objectname) [0ms]
2025-08-10 08:22:07.691 [info] > git show --textconv :src/packages.txt [3ms]
2025-08-10 08:22:07.691 [info] > git ls-files --stage -- src/packages.txt [0ms]
2025-08-10 08:22:07.695 [info] > git cat-file -s 75f7889f232f3f2022d2b65c7c647c31e3308853 [1ms]
2025-08-10 08:22:57.685 [info] > git show --textconv :src/packages.txt [3ms]
2025-08-10 08:22:57.685 [info] > git ls-files --stage -- src/packages.txt [0ms]
2025-08-10 08:22:57.689 [info] > git cat-file -s 75f7889f232f3f2022d2b65c7c647c31e3308853 [1ms]
2025-08-10 08:23:09.373 [info] > git config --get commit.template [3ms]
2025-08-10 08:23:09.374 [info] > git for-each-ref --format=%(refname)%00%(upstream:short)%00%(objectname)%00%(upstream:track)%00%(upstream:remotename)%00%(upstream:remoteref) refs/heads/main refs/remotes/main [1ms]
2025-08-10 08:23:09.379 [info] > git status -z -uall [3ms]
2025-08-10 08:23:09.380 [info] > git for-each-ref --sort -committerdate --format %(refname)%00%(objectname)%00%(*objectname) [1ms]
2025-08-10 08:23:44.590 [info] > git show --textconv :src/packages.txt [3ms]
2025-08-10 08:23:44.591 [info] > git ls-files --stage -- src/packages.txt [1ms]
2025-08-10 08:23:44.594 [info] > git cat-file -s 75f7889f232f3f2022d2b65c7c647c31e3308853 [1ms]
2025-08-10 08:25:04.829 [info] > git show --textconv :src/packages.txt [4ms]
2025-08-10 08:25:04.830 [info] > git ls-files --stage -- src/packages.txt [1ms]
2025-08-10 08:25:04.833 [info] > git cat-file -s 75f7889f232f3f2022d2b65c7c647c31e3308853 [0ms]
2025-08-10 08:25:08.531 [info] > git config --get commit.template [3ms]
2025-08-10 08:25:08.531 [info] > git for-each-ref --format=%(refname)%00%(upstream:short)%00%(objectname)%00%(upstream:track)%00%(upstream:remotename)%00%(upstream:remoteref) refs/heads/main refs/remotes/main [0ms]
2025-08-10 08:25:08.537 [info] > git status -z -uall [3ms]
2025-08-10 08:25:08.538 [info] > git for-each-ref --sort -committerdate --format %(refname)%00%(objectname)%00%(*objectname) [1ms]
2025-08-10 08:25:51.938 [info] > git show --textconv :src/packages.txt [4ms]
2025-08-10 08:25:51.938 [info] > git ls-files --stage -- src/packages.txt [0ms]
2025-08-10 08:25:51.942 [info] > git cat-file -s 75f7889f232f3f2022d2b65c7c647c31e3308853 [1ms]
2025-08-10 08:25:56.655 [info] > git config --get commit.template [3ms]
2025-08-10 08:25:56.656 [info] > git for-each-ref --format=%(refname)%00%(upstream:short)%00%(objectname)%00%(upstream:track)%00%(upstream:remotename)%00%(upstream:remoteref) refs/heads/main refs/remotes/main [1ms]
2025-08-10 08:25:56.663 [info] > git status -z -uall [4ms]
2025-08-10 08:25:56.663 [info] > git for-each-ref --sort -committerdate --format %(refname)%00%(objectname)%00%(*objectname) [1ms]
2025-08-10 08:26:24.884 [info] > git show --textconv :src/packages.txt [4ms]
2025-08-10 08:26:24.885 [info] > git ls-files --stage -- src/packages.txt [1ms]
2025-08-10 08:26:24.888 [info] > git cat-file -s 75f7889f232f3f2022d2b65c7c647c31e3308853 [1ms]
2025-08-10 08:26:33.580 [info] > git show --textconv :src/packages.txt [4ms]
2025-08-10 08:26:33.580 [info] > git ls-files --stage -- src/packages.txt [0ms]
2025-08-10 08:26:33.584 [info] > git cat-file -s 75f7889f232f3f2022d2b65c7c647c31e3308853 [0ms]
2025-08-10 08:27:58.598 [info] > git config --get commit.template [3ms]
2025-08-10 08:27:58.598 [info] > git for-each-ref --format=%(refname)%00%(upstream:short)%00%(objectname)%00%(upstream:track)%00%(upstream:remotename)%00%(upstream:remoteref) refs/heads/main refs/remotes/main [0ms]
2025-08-10 08:27:58.605 [info] > git status -z -uall [4ms]
2025-08-10 08:27:58.605 [info] > git for-each-ref --sort -committerdate --format %(refname)%00%(objectname)%00%(*objectname) [1ms]
2025-08-10 08:28:20.664 [info] > git show --textconv :src/packages.txt [4ms]
2025-08-10 08:28:20.664 [info] > git ls-files --stage -- src/packages.txt [0ms]
2025-08-10 08:28:20.668 [info] > git cat-file -s 75f7889f232f3f2022d2b65c7c647c31e3308853 [0ms]
2025-08-10 08:28:26.101 [info] > git config --get commit.template [4ms]
2025-08-10 08:28:26.101 [info] > git for-each-ref --format=%(refname)%00%(upstream:short)%00%(objectname)%00%(upstream:track)%00%(upstream:remotename)%00%(upstream:remoteref) refs/heads/main refs/remotes/main [1ms]
2025-08-10 08:28:26.107 [info] > git status -z -uall [3ms]
2025-08-10 08:28:26.108 [info] > git for-each-ref --sort -committerdate --format %(refname)%00%(objectname)%00%(*objectname) [1ms]
2025-08-10 08:29:24.259 [info] > git config --get commit.template [4ms]
2025-08-10 08:29:24.260 [info] > git for-each-ref --format=%(refname)%00%(upstream:short)%00%(objectname)%00%(upstream:track)%00%(upstream:remotename)%00%(upstream:remoteref) refs/heads/main refs/remotes/main [1ms]
2025-08-10 08:29:24.265 [info] > git status -z -uall [2ms]
2025-08-10 08:29:24.266 [info] > git for-each-ref --sort -committerdate --format %(refname)%00%(objectname)%00%(*objectname) [1ms]
2025-08-10 08:29:40.398 [info] > git config --get commit.template [4ms]
2025-08-10 08:29:40.398 [info] > git for-each-ref --format=%(refname)%00%(upstream:short)%00%(objectname)%00%(upstream:track)%00%(upstream:remotename)%00%(upstream:remoteref) refs/heads/main refs/remotes/main [0ms]
2025-08-10 08:29:40.405 [info] > git status -z -uall [4ms]
2025-08-10 08:29:40.405 [info] > git for-each-ref --sort -committerdate --format %(refname)%00%(objectname)%00%(*objectname) [0ms]
2025-08-10 08:32:43.051 [info] > git check-ignore -v -z --stdin [0ms]
2025-08-10 08:34:06.016 [info] > git config --get commit.template [5ms]
2025-08-10 08:34:06.016 [info] > git for-each-ref --format=%(refname)%00%(upstream:short)%00%(objectname)%00%(upstream:track)%00%(upstream:remotename)%00%(upstream:remoteref) refs/heads/main refs/remotes/main [1ms]
2025-08-10 08:34:06.024 [info] > git status -z -uall [4ms]
2025-08-10 08:34:06.024 [info] > git for-each-ref --sort -committerdate --format %(refname)%00%(objectname)%00%(*objectname) [0ms]
2025-08-10 08:34:08.362 [info] > git rev-parse --show-toplevel [0ms]
2025-08-10 08:34:11.033 [info] > git config --get commit.template [3ms]
2025-08-10 08:34:11.034 [info] > git for-each-ref --format=%(refname)%00%(upstream:short)%00%(objectname)%00%(upstream:track)%00%(upstream:remotename)%00%(upstream:remoteref) refs/heads/main refs/remotes/main [1ms]
2025-08-10 08:34:11.038 [info] > git status -z -uall [2ms]
2025-08-10 08:34:11.039 [info] > git for-each-ref --sort -committerdate --format %(refname)%00%(objectname)%00%(*objectname) [1ms]
2025-08-10 08:34:15.515 [info] > git show --textconv :src/install.sh [3ms]
2025-08-10 08:34:15.516 [info] > git ls-files --stage -- src/install.sh [1ms]
2025-08-10 08:34:15.519 [info] > git cat-file -s 8eb5936e92d41cc01cd101befe2cbf5a034e8294 [1ms]
2025-08-10 08:36:00.602 [info] > git config --get commit.template [3ms]
2025-08-10 08:36:00.603 [info] > git for-each-ref --format=%(refname)%00%(upstream:short)%00%(objectname)%00%(upstream:track)%00%(upstream:remotename)%00%(upstream:remoteref) refs/heads/main refs/remotes/main [1ms]
2025-08-10 08:36:00.609 [info] > git status -z -uall [4ms]
2025-08-10 08:36:00.609 [info] > git for-each-ref --sort -committerdate --format %(refname)%00%(objectname)%00%(*objectname) [1ms]
2025-08-10 08:47:57.020 [info] > git config --get commit.template [1ms]
2025-08-10 08:47:57.024 [info] > git for-each-ref --format=%(refname)%00%(upstream:short)%00%(objectname)%00%(upstream:track)%00%(upstream:remotename)%00%(upstream:remoteref) refs/heads/main refs/remotes/main [0ms]
2025-08-10 08:47:57.031 [info] > git status -z -uall [3ms]
2025-08-10 08:47:57.031 [info] > git for-each-ref --sort -committerdate --format %(refname)%00%(objectname)%00%(*objectname) [0ms]
2025-08-10 08:48:02.041 [info] > git config --get commit.template [3ms]
2025-08-10 08:48:02.042 [info] > git for-each-ref --format=%(refname)%00%(upstream:short)%00%(objectname)%00%(upstream:track)%00%(upstream:remotename)%00%(upstream:remoteref) refs/heads/main refs/remotes/main [1ms]
2025-08-10 08:48:02.048 [info] > git status -z -uall [4ms]
2025-08-10 08:48:02.048 [info] > git for-each-ref --sort -committerdate --format %(refname)%00%(objectname)%00%(*objectname) [1ms]
2025-08-10 08:48:07.058 [info] > git config --get commit.template [3ms]
2025-08-10 08:48:07.059 [info] > git for-each-ref --format=%(refname)%00%(upstream:short)%00%(objectname)%00%(upstream:track)%00%(upstream:remotename)%00%(upstream:remoteref) refs/heads/main refs/remotes/main [1ms]
2025-08-10 08:48:07.065 [info] > git status -z -uall [3ms]
2025-08-10 08:48:07.065 [info] > git for-each-ref --sort -committerdate --format %(refname)%00%(objectname)%00%(*objectname) [0ms]
2025-08-10 08:55:14.121 [info] > git show --textconv :config/Home/.config/xsettingsd/xsettingsd.conf [2ms]
2025-08-10 08:55:14.122 [warning] [GitFileSystemProvider][readFile] File not found - git:/home/sirdicholas/dev/sirArch/config/Home/.config/xsettingsd/xsettingsd.conf.git?%7B%22path%22%3A%22%2Fhome%2Fsirdicholas%2Fdev%2FsirArch%2Fconfig%2FHome%2F.config%2Fxsettingsd%2Fxsettingsd.conf%22%2C%22ref%22%3A%22%22%7D
2025-08-10 08:55:14.122 [info] > git ls-files --stage -- config/Home/.config/xsettingsd/xsettingsd.conf [1ms]
2025-08-10 08:55:14.122 [warning] [GitFileSystemProvider][stat] File not found - git:/home/sirdicholas/dev/sirArch/config/Home/.config/xsettingsd/xsettingsd.conf.git?%7B%22path%22%3A%22%2Fhome%2Fsirdicholas%2Fdev%2FsirArch%2Fconfig%2FHome%2F.config%2Fxsettingsd%2Fxsettingsd.conf%22%2C%22ref%22%3A%22%22%7D
2025-08-10 08:55:14.490 [info] > git check-ignore -v -z --stdin [1ms]
2025-08-10 08:55:18.684 [info] > git config --get commit.template [4ms]
2025-08-10 08:55:18.684 [info] > git for-each-ref --format=%(refname)%00%(upstream:short)%00%(objectname)%00%(upstream:track)%00%(upstream:remotename)%00%(upstream:remoteref) refs/heads/main refs/remotes/main [0ms]
2025-08-10 08:55:18.692 [info] > git for-each-ref --sort -committerdate --format %(refname)%00%(objectname)%00%(*objectname) [1ms]
2025-08-10 08:55:18.887 [info] > git status -z -uall [199ms] (cancelled)
2025-08-10 08:55:23.897 [info] > git config --get commit.template [3ms]
2025-08-10 08:55:23.897 [info] > git for-each-ref --format=%(refname)%00%(upstream:short)%00%(objectname)%00%(upstream:track)%00%(upstream:remotename)%00%(upstream:remoteref) refs/heads/main refs/remotes/main [1ms]
2025-08-10 08:55:23.903 [info] > git for-each-ref --sort -committerdate --format %(refname)%00%(objectname)%00%(*objectname) [0ms]
2025-08-10 08:55:24.078 [info] > git status -z -uall [178ms] (cancelled)
2025-08-10 08:55:35.802 [info] > git show --textconv :src/packages.txt [4ms]
2025-08-10 08:55:35.803 [info] > git ls-files --stage -- src/packages.txt [1ms]
2025-08-10 08:55:35.806 [info] > git cat-file -s 75f7889f232f3f2022d2b65c7c647c31e3308853 [1ms]
2025-08-10 08:55:36.137 [info] > git check-ignore -v -z --stdin [1ms]
