(11:04:58) [DEBUG]:   [Gog]:             Logging to file(s) "/home/sirdicholas/.local/state/Heroic/logs/runners/gog.log"
(11:04:58) [INFO]:    [Backend]:         AreWeAntiCheatYet data downloaded
(11:04:58) [INFO]:    [Gog]:             Getting GOG library
(11:04:58) [INFO]:    [Gog]:             Running command: GOGDL_CONFIG_PATH=/home/sirdicholas/.config/heroic/gogdlConfig /opt/Heroic/resources/app.asar.unpacked/build/bin/x64/linux/gogdl --auth-config-path /home/sirdicholas/.config/heroic/gog_store/auth.json auth
(11:04:58) [DEBUG]:   [Gog]:             Logging to file(s) "/home/sirdicholas/.local/state/Heroic/logs/runners/gog.log"
(11:04:58) [INFO]:    [Backend]:         Checking for new Heroic Updates
(11:04:58) [INFO]:    [Backend]:         Checking for current version changelog
(11:04:59) [INFO]:    [Gog]:             GOG presence set
(11:04:59) [INFO]:    [Gog]:             Saved username to config file
(11:05:00) [INFO]:    [Winetricks]:      Downloading Winetricks
(11:05:03) [INFO]:    [WineDownloader]:  Updating wine versions info
(11:05:03) [INFO]:    [WineDownloader]:  Fetching upstream information...
(11:05:03) [INFO]:    [Backend]:         Starting the Download Queue
(11:05:04) [INFO]:    [WineDownloader]:  wine versions updated
(11:05:04) [INFO]:    [Gog]:             Saved games data
(11:05:04) [WARNING]: listUpdateableGames not implemented on Sideload Library Manager
(11:05:04) [INFO]:    [Gog]:             Running command: GOGDL_CONFIG_PATH=/home/sirdicholas/.config/heroic/gogdlConfig /opt/Heroic/resources/app.asar.unpacked/build/bin/x64/linux/gogdl --auth-config-path /home/sirdicholas/.config/heroic/gog_store/auth.json auth
(11:05:04) [DEBUG]:   [Gog]:             Logging to file(s) "/home/sirdicholas/.local/state/Heroic/logs/runners/gog.log"
(11:05:05) [INFO]:    [Gog]:             Found 0 game(s) to update
(11:09:58) [INFO]:    [Gog]:             Running command: GOGDL_CONFIG_PATH=/home/sirdicholas/.config/heroic/gogdlConfig /opt/Heroic/resources/app.asar.unpacked/build/bin/x64/linux/gogdl --auth-config-path /home/sirdicholas/.config/heroic/gog_store/auth.json auth
(11:09:58) [DEBUG]:   [Gog]:             Logging to file(s) "/home/sirdicholas/.local/state/Heroic/logs/runners/gog.log"
(11:09:58) [INFO]:    [Gog]:             GOG presence set
(11:14:58) [INFO]:    [Gog]:             Running command: GOGDL_CONFIG_PATH=/home/sirdicholas/.config/heroic/gogdlConfig /opt/Heroic/resources/app.asar.unpacked/build/bin/x64/linux/gogdl --auth-config-path /home/sirdicholas/.config/heroic/gog_store/auth.json auth
(11:14:58) [DEBUG]:   [Gog]:             Logging to file(s) "/home/sirdicholas/.local/state/Heroic/logs/runners/gog.log"
(11:14:58) [INFO]:    [Gog]:             GOG presence set
(11:19:58) [INFO]:    [Gog]:             Running command: GOGDL_CONFIG_PATH=/home/sirdicholas/.config/heroic/gogdlConfig /opt/Heroic/resources/app.asar.unpacked/build/bin/x64/linux/gogdl --auth-config-path /home/sirdicholas/.config/heroic/gog_store/auth.json auth
(11:19:58) [DEBUG]:   [Gog]:             Logging to file(s) "/home/sirdicholas/.local/state/Heroic/logs/runners/gog.log"
(11:19:59) [INFO]:    [Gog]:             GOG presence set
(11:24:58) [INFO]:    [Gog]:             Running command: GOGDL_CONFIG_PATH=/home/sirdicholas/.config/heroic/gogdlConfig /opt/Heroic/resources/app.asar.unpacked/build/bin/x64/linux/gogdl --auth-config-path /home/sirdicholas/.config/heroic/gog_store/auth.json auth
(11:24:58) [DEBUG]:   [Gog]:             Logging to file(s) "/home/sirdicholas/.local/state/Heroic/logs/runners/gog.log"
(11:24:59) [INFO]:    [Gog]:             GOG presence set
(11:29:58) [INFO]:    [Gog]:             Running command: GOGDL_CONFIG_PATH=/home/sirdicholas/.config/heroic/gogdlConfig /opt/Heroic/resources/app.asar.unpacked/build/bin/x64/linux/gogdl --auth-config-path /home/sirdicholas/.config/heroic/gog_store/auth.json auth
(11:29:58) [DEBUG]:   [Gog]:             Logging to file(s) "/home/sirdicholas/.local/state/Heroic/logs/runners/gog.log"
(11:29:59) [INFO]:    [Gog]:             GOG presence set
(11:34:58) [INFO]:    [Gog]:             Running command: GOGDL_CONFIG_PATH=/home/sirdicholas/.config/heroic/gogdlConfig /opt/Heroic/resources/app.asar.unpacked/build/bin/x64/linux/gogdl --auth-config-path /home/sirdicholas/.config/heroic/gog_store/auth.json auth
(11:34:58) [DEBUG]:   [Gog]:             Logging to file(s) "/home/sirdicholas/.local/state/Heroic/logs/runners/gog.log"
(11:34:59) [INFO]:    [Gog]:             GOG presence set
(11:39:59) [INFO]:    [Gog]:             Running command: GOGDL_CONFIG_PATH=/home/sirdicholas/.config/heroic/gogdlConfig /opt/Heroic/resources/app.asar.unpacked/build/bin/x64/linux/gogdl --auth-config-path /home/sirdicholas/.config/heroic/gog_store/auth.json auth
(11:39:59) [DEBUG]:   [Gog]:             Logging to file(s) "/home/sirdicholas/.local/state/Heroic/logs/runners/gog.log"
(11:39:59) [INFO]:    [Gog]:             GOG presence set
(11:44:59) [INFO]:    [Gog]:             Running command: GOGDL_CONFIG_PATH=/home/sirdicholas/.config/heroic/gogdlConfig /opt/Heroic/resources/app.asar.unpacked/build/bin/x64/linux/gogdl --auth-config-path /home/sirdicholas/.config/heroic/gog_store/auth.json auth
(11:44:59) [DEBUG]:   [Gog]:             Logging to file(s) "/home/sirdicholas/.local/state/Heroic/logs/runners/gog.log"
(11:44:59) [INFO]:    [Gog]:             GOG presence set
(11:49:59) [INFO]:    [Gog]:             Running command: GOGDL_CONFIG_PATH=/home/sirdicholas/.config/heroic/gogdlConfig /opt/Heroic/resources/app.asar.unpacked/build/bin/x64/linux/gogdl --auth-config-path /home/sirdicholas/.config/heroic/gog_store/auth.json auth
(11:49:59) [DEBUG]:   [Gog]:             Logging to file(s) "/home/sirdicholas/.local/state/Heroic/logs/runners/gog.log"
(11:49:59) [INFO]:    [Gog]:             GOG presence set
(11:54:18) [INFO]:    [Connection]:      Connectivity: offline
(11:54:34) [INFO]:    [Connection]:      Connectivity: check-online
(11:54:34) [INFO]:    [Connection]:      Pinging external endpoints
(11:54:34) [INFO]:    [Connection]:      All ping requests failed:
(11:54:34) [INFO]:    [Connection]:      AggregateError: All promises were rejected
(11:54:39) [INFO]:    [Connection]:      Pinging external endpoints
(11:54:39) [INFO]:    [Connection]:      Connectivity: online
(11:55:06) [INFO]:    [Gog]:             Running command: GOGDL_CONFIG_PATH=/home/sirdicholas/.config/heroic/gogdlConfig /opt/Heroic/resources/app.asar.unpacked/build/bin/x64/linux/gogdl --auth-config-path /home/sirdicholas/.config/heroic/gog_store/auth.json auth
(11:55:06) [DEBUG]:   [Gog]:             Logging to file(s) "/home/sirdicholas/.local/state/Heroic/logs/runners/gog.log"
(11:55:07) [INFO]:    [Gog]:             GOG presence set
(12:00:06) [INFO]:    [Gog]:             Running command: GOGDL_CONFIG_PATH=/home/sirdicholas/.config/heroic/gogdlConfig /opt/Heroic/resources/app.asar.unpacked/build/bin/x64/linux/gogdl --auth-config-path /home/sirdicholas/.config/heroic/gog_store/auth.json auth
(12:00:06) [DEBUG]:   [Gog]:             Logging to file(s) "/home/sirdicholas/.local/state/Heroic/logs/runners/gog.log"
(12:00:07) [INFO]:    [Gog]:             GOG presence set
(12:05:06) [INFO]:    [Gog]:             Running command: GOGDL_CONFIG_PATH=/home/sirdicholas/.config/heroic/gogdlConfig /opt/Heroic/resources/app.asar.unpacked/build/bin/x64/linux/gogdl --auth-config-path /home/sirdicholas/.config/heroic/gog_store/auth.json auth
(12:05:06) [DEBUG]:   [Gog]:             Logging to file(s) "/home/sirdicholas/.local/state/Heroic/logs/runners/gog.log"
(12:05:07) [INFO]:    [Gog]:             GOG presence set
(12:09:28) [INFO]:    [Connection]:      Connectivity: offline
(12:09:45) [INFO]:    [Connection]:      Connectivity: check-online
(12:09:45) [INFO]:    [Connection]:      Pinging external endpoints
(12:09:45) [INFO]:    [Connection]:      All ping requests failed:
(12:09:45) [INFO]:    [Connection]:      AggregateError: All promises were rejected
(12:09:50) [INFO]:    [Connection]:      Pinging external endpoints
(12:09:50) [INFO]:    [Connection]:      Connectivity: online
(12:10:14) [INFO]:    [Gog]:             Running command: GOGDL_CONFIG_PATH=/home/sirdicholas/.config/heroic/gogdlConfig /opt/Heroic/resources/app.asar.unpacked/build/bin/x64/linux/gogdl --auth-config-path /home/sirdicholas/.config/heroic/gog_store/auth.json auth
(12:10:14) [DEBUG]:   [Gog]:             Logging to file(s) "/home/sirdicholas/.local/state/Heroic/logs/runners/gog.log"
(12:10:15) [INFO]:    [Gog]:             GOG presence set
(12:15:14) [INFO]:    [Gog]:             Running command: GOGDL_CONFIG_PATH=/home/sirdicholas/.config/heroic/gogdlConfig /opt/Heroic/resources/app.asar.unpacked/build/bin/x64/linux/gogdl --auth-config-path /home/sirdicholas/.config/heroic/gog_store/auth.json auth
(12:15:14) [DEBUG]:   [Gog]:             Logging to file(s) "/home/sirdicholas/.local/state/Heroic/logs/runners/gog.log"
(12:15:15) [INFO]:    [Gog]:             GOG presence set
(12:20:15) [INFO]:    [Gog]:             Running command: GOGDL_CONFIG_PATH=/home/sirdicholas/.config/heroic/gogdlConfig /opt/Heroic/resources/app.asar.unpacked/build/bin/x64/linux/gogdl --auth-config-path /home/sirdicholas/.config/heroic/gog_store/auth.json auth
(12:20:15) [DEBUG]:   [Gog]:             Logging to file(s) "/home/sirdicholas/.local/state/Heroic/logs/runners/gog.log"
(12:20:15) [INFO]:    [Gog]:             GOG presence set
(12:25:15) [INFO]:    [Gog]:             Running command: GOGDL_CONFIG_PATH=/home/sirdicholas/.config/heroic/gogdlConfig /opt/Heroic/resources/app.asar.unpacked/build/bin/x64/linux/gogdl --auth-config-path /home/sirdicholas/.config/heroic/gog_store/auth.json auth
(12:25:15) [DEBUG]:   [Gog]:             Logging to file(s) "/home/sirdicholas/.local/state/Heroic/logs/runners/gog.log"
(12:25:15) [INFO]:    [Gog]:             GOG presence set
(12:30:15) [INFO]:    [Gog]:             Running command: GOGDL_CONFIG_PATH=/home/sirdicholas/.config/heroic/gogdlConfig /opt/Heroic/resources/app.asar.unpacked/build/bin/x64/linux/gogdl --auth-config-path /home/sirdicholas/.config/heroic/gog_store/auth.json auth
(12:30:15) [DEBUG]:   [Gog]:             Logging to file(s) "/home/sirdicholas/.local/state/Heroic/logs/runners/gog.log"
(12:30:15) [INFO]:    [Gog]:             GOG presence set
(12:35:15) [INFO]:    [Gog]:             Running command: GOGDL_CONFIG_PATH=/home/sirdicholas/.config/heroic/gogdlConfig /opt/Heroic/resources/app.asar.unpacked/build/bin/x64/linux/gogdl --auth-config-path /home/sirdicholas/.config/heroic/gog_store/auth.json auth
(12:35:15) [DEBUG]:   [Gog]:             Logging to file(s) "/home/sirdicholas/.local/state/Heroic/logs/runners/gog.log"
(12:35:15) [INFO]:    [Gog]:             GOG presence set
(12:36:58) [INFO]:    [Gog]:             Running command: GOGDL_CONFIG_PATH=/home/sirdicholas/.config/heroic/gogdlConfig /opt/Heroic/resources/app.asar.unpacked/build/bin/x64/linux/gogdl --auth-config-path /home/sirdicholas/.config/heroic/gog_store/auth.json auth
(12:36:58) [DEBUG]:   [Gog]:             Logging to file(s) "/home/sirdicholas/.local/state/Heroic/logs/runners/gog.log"
