2025-08-09 13:55:27.906 [info] Reading sessions from keychain...
2025-08-09 13:55:27.906 [info] Getting sessions for all scopes...
2025-08-09 13:55:27.907 [info] Got 0 sessions for ...
2025-08-09 13:55:27.907 [info] Getting sessions for all scopes...
2025-08-09 13:55:27.907 [info] Got 0 sessions for ...
2025-08-09 13:55:27.907 [info] Getting sessions for all scopes...
2025-08-09 13:55:27.907 [info] Got 0 sessions for ...
2025-08-09 13:55:27.907 [info] Getting sessions for all scopes...
2025-08-09 13:55:27.907 [info] Got 0 sessions for ...
2025-08-09 13:55:27.907 [info] Getting sessions for all scopes...
2025-08-09 13:55:27.907 [info] Got 0 sessions for ...
2025-08-09 13:55:27.907 [info] Getting sessions for read:user,repo,user:email,workflow...
2025-08-09 13:55:27.907 [info] Got 0 sessions for read:user,repo,user:email,workflow...
2025-08-09 13:55:29.552 [info] Logging in with 'any' account...
2025-08-09 13:55:29.552 [info] Logging in for the following scopes: read:user repo user:email workflow
2025-08-09 13:55:29.559 [info] Trying device code flow... (read:user repo user:email workflow)
2025-08-09 13:56:05.808 [info] Getting user info...
2025-08-09 13:56:06.574 [info] Got account info!
2025-08-09 13:56:06.575 [info] Storing 1 sessions...
2025-08-09 13:56:06.576 [info] Reading sessions from keychain...
2025-08-09 13:56:06.576 [info] Stored 1 sessions!
2025-08-09 13:56:06.576 [info] Login success!
2025-08-09 13:56:06.578 [info] Got stored sessions!
2025-08-09 13:56:06.578 [info] Got 1 verified sessions.
