[2025-08-09T00:05:29Z INFO  comet] Prefered language: en-US
[2025-08-09T00:05:29Z INFO  comet] Listening on port 9977
[2025-08-09T00:05:30Z INFO  comet::api::notification_pusher] Connected to notifications-pusher
[2025-08-09T00:05:30Z INFO  comet::api::notification_pusher] Sent authorization data
[2025-08-09T00:05:30Z INFO  comet::api::notification_pusher] Subscribing to chat, friends, presence
[2025-08-09T00:05:30Z INFO  comet::api::notification_pusher] Completed subscribe requests
[2025-08-09T00:05:30Z INFO  comet::api::notification_pusher] Successfully subscribed to topic chat
[2025-08-09T00:05:30Z INFO  comet::api::notification_pusher] Successfully subscribed to topic friends
[2025-08-09T00:05:30Z INFO  comet::api::notification_pusher] Successfully subscribed to topic presence
[2025-08-09T00:05:31Z INFO  comet::api::handlers::communication_service] Client identified as 56458061335487272 2bc9d0c9ce0cf19b2fcf8735991bd1a3c6f739a5af5f41eb8a2f5edee32f27d6
[2025-08-09T00:05:31Z INFO  comet::api::handlers::communication_service] Game PID: 212
[2025-08-09T00:05:32Z INFO  comet::db::gameplay] Setting up database at "/home/sirdicholas/.local/share/comet/gameplay/56458061335487272/53942307510690679/gameplay.db"
[2025-08-09T00:05:44Z INFO  comet::api::handlers] Uploading new achievements
[2025-08-09T00:05:44Z INFO  comet::api::handlers] Uploaded achievements
[2025-08-09T00:05:44Z INFO  comet::api::handlers] Uploading new stats
[2025-08-09T00:05:44Z INFO  comet::api::handlers] Uploaded stats
[2025-08-09T00:05:44Z INFO  comet::api::handlers] Syncing leaderboards
[2025-08-09T00:05:44Z INFO  comet::api::handlers] Leaderboards synced
[2025-08-09T00:05:55Z INFO  comet::api::handlers] Socket connection closed with Some("56458061335487272")
[2025-08-09T00:05:55Z INFO  comet::api::handlers::communication_service] Client identified as 56458061335487272 2bc9d0c9ce0cf19b2fcf8735991bd1a3c6f739a5af5f41eb8a2f5edee32f27d6
[2025-08-09T00:05:55Z INFO  comet::api::handlers::communication_service] Game PID: 668
[2025-08-09T00:05:55Z INFO  comet::db::gameplay] Setting up database at "/home/sirdicholas/.local/share/comet/gameplay/56458061335487272/53942307510690679/gameplay.db"
[2025-08-09T00:06:07Z INFO  comet::api::handlers] Uploading new achievements
[2025-08-09T00:06:07Z INFO  comet::api::handlers] Uploaded achievements
[2025-08-09T00:06:07Z INFO  comet::api::handlers] Uploading new stats
[2025-08-09T00:06:07Z INFO  comet::api::handlers] Uploaded stats
[2025-08-09T00:06:07Z INFO  comet::api::handlers] Syncing leaderboards
[2025-08-09T00:06:07Z INFO  comet::api::handlers] Leaderboards synced
[2025-08-09T00:06:29Z INFO  comet::api::handlers] Socket connection closed with Some("56458061335487272")
[2025-08-09T00:06:36Z INFO  comet] Prefered language: en-US
[2025-08-09T00:06:36Z INFO  comet] Listening on port 9977
[2025-08-09T00:06:37Z INFO  comet::api::notification_pusher] Connected to notifications-pusher
[2025-08-09T00:06:37Z INFO  comet::api::notification_pusher] Sent authorization data
[2025-08-09T00:06:37Z INFO  comet::api::notification_pusher] Subscribing to chat, friends, presence
[2025-08-09T00:06:37Z INFO  comet::api::notification_pusher] Completed subscribe requests
[2025-08-09T00:06:38Z INFO  comet::api::notification_pusher] Successfully subscribed to topic chat
[2025-08-09T00:06:38Z INFO  comet::api::notification_pusher] Successfully subscribed to topic friends
[2025-08-09T00:06:38Z INFO  comet::api::notification_pusher] Successfully subscribed to topic presence
[2025-08-09T00:06:38Z INFO  comet::api::handlers::communication_service] Client identified as 56458061335487272 2bc9d0c9ce0cf19b2fcf8735991bd1a3c6f739a5af5f41eb8a2f5edee32f27d6
[2025-08-09T00:06:38Z INFO  comet::api::handlers::communication_service] Game PID: 212
[2025-08-09T00:06:38Z INFO  comet::db::gameplay] Setting up database at "/home/sirdicholas/.local/share/comet/gameplay/56458061335487272/53942307510690679/gameplay.db"
[2025-08-09T00:06:50Z INFO  comet::api::handlers] Uploading new achievements
[2025-08-09T00:06:50Z INFO  comet::api::handlers] Uploaded achievements
[2025-08-09T00:06:50Z INFO  comet::api::handlers] Uploading new stats
[2025-08-09T00:06:50Z INFO  comet::api::handlers] Uploaded stats
[2025-08-09T00:06:50Z INFO  comet::api::handlers] Syncing leaderboards
[2025-08-09T00:06:50Z INFO  comet::api::handlers] Leaderboards synced
[2025-08-09T00:07:10Z INFO  comet::api::handlers] Socket connection closed with Some("56458061335487272")
[2025-08-09T00:07:11Z INFO  comet::api::handlers::communication_service] Client identified as 56458061335487272 2bc9d0c9ce0cf19b2fcf8735991bd1a3c6f739a5af5f41eb8a2f5edee32f27d6
[2025-08-09T00:07:11Z INFO  comet::api::handlers::communication_service] Game PID: 748
[2025-08-09T00:07:11Z INFO  comet::db::gameplay] Setting up database at "/home/sirdicholas/.local/share/comet/gameplay/56458061335487272/53942307510690679/gameplay.db"
[2025-08-09T00:07:23Z INFO  comet::api::handlers] Uploading new achievements
[2025-08-09T00:07:23Z INFO  comet::api::handlers] Uploaded achievements
[2025-08-09T00:07:23Z INFO  comet::api::handlers] Uploading new stats
[2025-08-09T00:07:23Z INFO  comet::api::handlers] Uploaded stats
[2025-08-09T00:07:23Z INFO  comet::api::handlers] Syncing leaderboards
[2025-08-09T00:07:23Z INFO  comet::api::handlers] Leaderboards synced
[2025-08-09T00:07:23Z INFO  comet::api::handlers] Socket connection closed with Some("56458061335487272")
[2025-08-09T00:07:43Z INFO  comet] Prefered language: en-US
[2025-08-09T00:07:43Z INFO  comet] Listening on port 9977
[2025-08-09T00:07:44Z INFO  comet::api::notification_pusher] Connected to notifications-pusher
[2025-08-09T00:07:44Z INFO  comet::api::notification_pusher] Sent authorization data
[2025-08-09T00:07:44Z INFO  comet::api::notification_pusher] Subscribing to chat, friends, presence
[2025-08-09T00:07:44Z INFO  comet::api::notification_pusher] Completed subscribe requests
[2025-08-09T00:07:44Z INFO  comet::api::notification_pusher] Successfully subscribed to topic chat
[2025-08-09T00:07:44Z INFO  comet::api::notification_pusher] Successfully subscribed to topic friends
[2025-08-09T00:07:44Z INFO  comet::api::notification_pusher] Successfully subscribed to topic presence
[2025-08-09T00:08:45Z WARN  comet::api::notification_pusher] Failed to notify handlers about going online channel closed
[2025-08-09T00:09:45Z WARN  comet::api::notification_pusher] Failed to notify handlers about going online channel closed
[2025-08-09T00:10:11Z INFO  comet] Prefered language: en-US
[2025-08-09T00:10:11Z INFO  comet] Listening on port 9977
[2025-08-09T00:10:12Z INFO  comet::api::notification_pusher] Connected to notifications-pusher
[2025-08-09T00:10:12Z INFO  comet::api::notification_pusher] Sent authorization data
[2025-08-09T00:10:12Z INFO  comet::api::notification_pusher] Subscribing to chat, friends, presence
[2025-08-09T00:10:12Z INFO  comet::api::notification_pusher] Completed subscribe requests
[2025-08-09T00:10:12Z INFO  comet::api::notification_pusher] Successfully subscribed to topic chat
[2025-08-09T00:10:12Z INFO  comet::api::notification_pusher] Successfully subscribed to topic friends
[2025-08-09T00:10:12Z INFO  comet::api::notification_pusher] Successfully subscribed to topic presence
[2025-08-09T00:10:15Z INFO  comet::api::handlers::communication_service] Client identified as 56458061335487272 2bc9d0c9ce0cf19b2fcf8735991bd1a3c6f739a5af5f41eb8a2f5edee32f27d6
[2025-08-09T00:10:15Z INFO  comet::api::handlers::communication_service] Game PID: 488
[2025-08-09T00:10:16Z INFO  comet::db::gameplay] Setting up database at "/home/sirdicholas/.local/share/comet/gameplay/56458061335487272/53942307510690679/gameplay.db"
[2025-08-09T00:10:28Z INFO  comet::api::handlers] Uploading new achievements
[2025-08-09T00:10:28Z INFO  comet::api::handlers] Uploaded achievements
[2025-08-09T00:10:28Z INFO  comet::api::handlers] Uploading new stats
[2025-08-09T00:10:28Z INFO  comet::api::handlers] Uploaded stats
[2025-08-09T00:10:28Z INFO  comet::api::handlers] Syncing leaderboards
[2025-08-09T00:10:28Z INFO  comet::api::handlers] Leaderboards synced
[2025-08-09T00:31:52Z INFO  comet::api::handlers] Socket connection closed with Some("56458061335487272")
[2025-08-09T00:33:30Z INFO  comet] Prefered language: en-US
[2025-08-09T00:33:30Z INFO  comet] Listening on port 9977
[2025-08-09T00:33:31Z INFO  comet::api::notification_pusher] Connected to notifications-pusher
[2025-08-09T00:33:31Z INFO  comet::api::notification_pusher] Sent authorization data
[2025-08-09T00:33:32Z INFO  comet::api::notification_pusher] Subscribing to chat, friends, presence
[2025-08-09T00:33:32Z INFO  comet::api::notification_pusher] Completed subscribe requests
[2025-08-09T00:33:32Z INFO  comet::api::notification_pusher] Successfully subscribed to topic chat
[2025-08-09T00:33:32Z INFO  comet::api::notification_pusher] Successfully subscribed to topic friends
[2025-08-09T00:33:32Z INFO  comet::api::notification_pusher] Successfully subscribed to topic presence
[2025-08-09T00:33:35Z INFO  comet::api::handlers::communication_service] Client identified as 56458061335487272 2bc9d0c9ce0cf19b2fcf8735991bd1a3c6f739a5af5f41eb8a2f5edee32f27d6
[2025-08-09T00:33:35Z INFO  comet::api::handlers::communication_service] Game PID: 484
[2025-08-09T00:33:36Z INFO  comet::db::gameplay] Setting up database at "/home/sirdicholas/.local/share/comet/gameplay/56458061335487272/53942307510690679/gameplay.db"
[2025-08-09T00:33:48Z INFO  comet::api::handlers] Uploading new achievements
[2025-08-09T00:33:48Z INFO  comet::api::handlers] Uploaded achievements
[2025-08-09T00:33:48Z INFO  comet::api::handlers] Uploading new stats
[2025-08-09T00:33:48Z INFO  comet::api::handlers] Uploaded stats
[2025-08-09T00:33:48Z INFO  comet::api::handlers] Syncing leaderboards
[2025-08-09T00:33:48Z INFO  comet::api::handlers] Leaderboards synced
[2025-08-09T00:52:31Z INFO  comet::api::handlers] Socket connection closed with Some("56458061335487272")
[2025-08-09T00:53:08Z INFO  comet] Prefered language: en-US
[2025-08-09T00:53:08Z INFO  comet] Listening on port 9977
[2025-08-09T00:53:10Z INFO  comet::api::notification_pusher] Connected to notifications-pusher
[2025-08-09T00:53:10Z INFO  comet::api::notification_pusher] Sent authorization data
[2025-08-09T00:53:10Z INFO  comet::api::notification_pusher] Subscribing to chat, friends, presence
[2025-08-09T00:53:10Z INFO  comet::api::notification_pusher] Completed subscribe requests
[2025-08-09T00:53:10Z INFO  comet::api::notification_pusher] Successfully subscribed to topic chat
[2025-08-09T00:53:10Z INFO  comet::api::notification_pusher] Successfully subscribed to topic friends
[2025-08-09T00:53:10Z INFO  comet::api::notification_pusher] Successfully subscribed to topic presence
[2025-08-09T00:53:11Z INFO  comet::api::handlers::communication_service] Client identified as 56458061335487272 2bc9d0c9ce0cf19b2fcf8735991bd1a3c6f739a5af5f41eb8a2f5edee32f27d6
[2025-08-09T00:53:11Z INFO  comet::api::handlers::communication_service] Game PID: 212
[2025-08-09T00:53:11Z INFO  comet::db::gameplay] Setting up database at "/home/sirdicholas/.local/share/comet/gameplay/56458061335487272/53942307510690679/gameplay.db"
[2025-08-09T00:53:23Z INFO  comet::api::handlers] Uploading new achievements
[2025-08-09T00:53:23Z INFO  comet::api::handlers] Uploaded achievements
[2025-08-09T00:53:23Z INFO  comet::api::handlers] Uploading new stats
[2025-08-09T00:53:23Z INFO  comet::api::handlers] Uploaded stats
[2025-08-09T00:53:23Z INFO  comet::api::handlers] Syncing leaderboards
[2025-08-09T00:53:23Z INFO  comet::api::handlers] Leaderboards synced
[2025-08-09T00:53:31Z INFO  comet::api::handlers] Socket connection closed with Some("56458061335487272")
[2025-08-09T00:53:42Z INFO  comet] Prefered language: en-US
[2025-08-09T00:53:42Z INFO  comet] Listening on port 9977
[2025-08-09T00:53:43Z INFO  comet::api::notification_pusher] Connected to notifications-pusher
[2025-08-09T00:53:43Z INFO  comet::api::notification_pusher] Sent authorization data
[2025-08-09T00:53:44Z INFO  comet::api::notification_pusher] Subscribing to chat, friends, presence
[2025-08-09T00:53:44Z INFO  comet::api::notification_pusher] Completed subscribe requests
[2025-08-09T00:53:44Z INFO  comet::api::notification_pusher] Successfully subscribed to topic chat
[2025-08-09T00:53:44Z INFO  comet::api::notification_pusher] Successfully subscribed to topic friends
[2025-08-09T00:53:44Z INFO  comet::api::notification_pusher] Successfully subscribed to topic presence
[2025-08-09T00:53:48Z INFO  comet::api::handlers::communication_service] Client identified as 56458061335487272 2bc9d0c9ce0cf19b2fcf8735991bd1a3c6f739a5af5f41eb8a2f5edee32f27d6
[2025-08-09T00:53:48Z INFO  comet::api::handlers::communication_service] Game PID: 484
[2025-08-09T00:53:48Z INFO  comet::db::gameplay] Setting up database at "/home/sirdicholas/.local/share/comet/gameplay/56458061335487272/53942307510690679/gameplay.db"
[2025-08-09T00:54:00Z INFO  comet::api::handlers] Uploading new achievements
[2025-08-09T00:54:00Z INFO  comet::api::handlers] Uploaded achievements
[2025-08-09T00:54:00Z INFO  comet::api::handlers] Uploading new stats
[2025-08-09T00:54:00Z INFO  comet::api::handlers] Uploaded stats
[2025-08-09T00:54:00Z INFO  comet::api::handlers] Syncing leaderboards
[2025-08-09T00:54:00Z INFO  comet::api::handlers] Leaderboards synced
[2025-08-09T01:01:47Z INFO  comet::api::handlers] Socket connection closed with Some("56458061335487272")
[2025-08-09T01:03:19Z INFO  comet] Prefered language: en-US
[2025-08-09T01:03:19Z INFO  comet] Listening on port 9977
[2025-08-09T01:03:20Z INFO  comet::api::notification_pusher] Connected to notifications-pusher
[2025-08-09T01:03:20Z INFO  comet::api::notification_pusher] Sent authorization data
[2025-08-09T01:03:21Z INFO  comet::api::notification_pusher] Subscribing to chat, friends, presence
[2025-08-09T01:03:21Z INFO  comet::api::notification_pusher] Completed subscribe requests
[2025-08-09T01:03:21Z INFO  comet::api::notification_pusher] Successfully subscribed to topic chat
[2025-08-09T01:03:21Z INFO  comet::api::notification_pusher] Successfully subscribed to topic friends
[2025-08-09T01:03:21Z INFO  comet::api::notification_pusher] Successfully subscribed to topic presence
[2025-08-09T01:03:24Z INFO  comet::api::handlers::communication_service] Client identified as 56458061335487272 2bc9d0c9ce0cf19b2fcf8735991bd1a3c6f739a5af5f41eb8a2f5edee32f27d6
[2025-08-09T01:03:24Z INFO  comet::api::handlers::communication_service] Game PID: 484
[2025-08-09T01:03:24Z INFO  comet::db::gameplay] Setting up database at "/home/sirdicholas/.local/share/comet/gameplay/56458061335487272/53942307510690679/gameplay.db"
[2025-08-09T01:03:36Z INFO  comet::api::handlers] Uploading new achievements
[2025-08-09T01:03:36Z INFO  comet::api::handlers] Uploaded achievements
[2025-08-09T01:03:36Z INFO  comet::api::handlers] Uploading new stats
[2025-08-09T01:03:36Z INFO  comet::api::handlers] Uploaded stats
[2025-08-09T01:03:36Z INFO  comet::api::handlers] Syncing leaderboards
[2025-08-09T01:03:36Z INFO  comet::api::handlers] Leaderboards synced
[2025-08-09T01:08:13Z INFO  comet::api::handlers] Socket connection closed with Some("56458061335487272")
[2025-08-09T01:15:11Z INFO  comet] Prefered language: en-US
[2025-08-09T01:15:11Z INFO  comet] Listening on port 9977
[2025-08-09T01:15:13Z INFO  comet::api::notification_pusher] Connected to notifications-pusher
[2025-08-09T01:15:13Z INFO  comet::api::notification_pusher] Sent authorization data
[2025-08-09T01:15:13Z INFO  comet::api::notification_pusher] Subscribing to chat, friends, presence
[2025-08-09T01:15:13Z INFO  comet::api::notification_pusher] Completed subscribe requests
[2025-08-09T01:15:13Z INFO  comet::api::notification_pusher] Successfully subscribed to topic chat
[2025-08-09T01:15:13Z INFO  comet::api::notification_pusher] Successfully subscribed to topic friends
[2025-08-09T01:15:13Z INFO  comet::api::notification_pusher] Successfully subscribed to topic presence
[2025-08-09T01:15:21Z INFO  comet::api::handlers::communication_service] Client identified as 56458061335487272 2bc9d0c9ce0cf19b2fcf8735991bd1a3c6f739a5af5f41eb8a2f5edee32f27d6
[2025-08-09T01:15:21Z INFO  comet::api::handlers::communication_service] Game PID: 492
[2025-08-09T01:15:21Z INFO  comet::db::gameplay] Setting up database at "/home/sirdicholas/.local/share/comet/gameplay/56458061335487272/53942307510690679/gameplay.db"
[2025-08-09T01:15:33Z INFO  comet::api::handlers] Uploading new achievements
[2025-08-09T01:15:33Z INFO  comet::api::handlers] Uploaded achievements
[2025-08-09T01:15:33Z INFO  comet::api::handlers] Uploading new stats
[2025-08-09T01:15:33Z INFO  comet::api::handlers] Uploaded stats
[2025-08-09T01:15:33Z INFO  comet::api::handlers] Syncing leaderboards
[2025-08-09T01:15:33Z INFO  comet::api::handlers] Leaderboards synced
[2025-08-09T01:28:44Z INFO  comet::api::handlers] Socket connection closed with Some("56458061335487272")
[2025-08-09T01:28:59Z INFO  comet] Prefered language: en-US
[2025-08-09T01:28:59Z INFO  comet] Listening on port 9977
[2025-08-09T01:29:01Z INFO  comet::api::notification_pusher] Connected to notifications-pusher
[2025-08-09T01:29:01Z INFO  comet::api::notification_pusher] Sent authorization data
[2025-08-09T01:29:01Z INFO  comet::api::notification_pusher] Subscribing to chat, friends, presence
[2025-08-09T01:29:01Z INFO  comet::api::notification_pusher] Completed subscribe requests
[2025-08-09T01:29:01Z INFO  comet::api::notification_pusher] Successfully subscribed to topic chat
[2025-08-09T01:29:01Z INFO  comet::api::notification_pusher] Successfully subscribed to topic friends
[2025-08-09T01:29:01Z INFO  comet::api::notification_pusher] Successfully subscribed to topic presence
[2025-08-09T01:29:04Z INFO  comet::api::handlers::communication_service] Client identified as 56458061335487272 2bc9d0c9ce0cf19b2fcf8735991bd1a3c6f739a5af5f41eb8a2f5edee32f27d6
[2025-08-09T01:29:04Z INFO  comet::api::handlers::communication_service] Game PID: 496
[2025-08-09T01:29:05Z INFO  comet::db::gameplay] Setting up database at "/home/sirdicholas/.local/share/comet/gameplay/56458061335487272/53942307510690679/gameplay.db"
[2025-08-09T01:29:17Z INFO  comet::api::handlers] Uploading new achievements
[2025-08-09T01:29:17Z INFO  comet::api::handlers] Uploaded achievements
[2025-08-09T01:29:17Z INFO  comet::api::handlers] Uploading new stats
[2025-08-09T01:29:17Z INFO  comet::api::handlers] Uploaded stats
[2025-08-09T01:29:17Z INFO  comet::api::handlers] Syncing leaderboards
[2025-08-09T01:29:17Z INFO  comet::api::handlers] Leaderboards synced
[2025-08-09T01:50:45Z INFO  comet::api::handlers] Socket connection closed with Some("56458061335487272")
