(11:04:58) [INFO]:    Running command: GOGDL_CONFIG_PATH=/home/sirdicholas/.config/heroic/gogdlConfig /opt/Heroic/resources/app.asar.unpacked/build/bin/x64/linux/gogdl --auth-config-path /home/sirdicholas/.config/heroic/gog_store/auth.json --version 

1.1.2
(11:04:58) [INFO]:    Running command: GOGDL_CONFIG_PATH=/home/sirdicholas/.config/heroic/gogdlConfig /opt/Heroic/resources/app.asar.unpacked/build/bin/x64/linux/gogdl --auth-config-path /home/sirdicholas/.config/heroic/gog_store/auth.json auth 

(11:04:58) [INFO]:    Running command: GOGDL_CONFIG_PATH=/home/sirdicholas/.config/heroic/gogdlConfig /opt/Heroic/resources/app.asar.unpacked/build/bin/x64/linux/gogdl --auth-config-path /home/sirdicholas/.config/heroic/gog_store/auth.json auth 

(11:04:58) [INFO]:    Running command: GOGDL_CONFIG_PATH=/home/sirdicholas/.config/heroic/gogdlConfig /opt/Heroic/resources/app.asar.unpacked/build/bin/x64/linux/gogdl --auth-config-path /home/sirdicholas/.config/heroic/gog_store/auth.json auth 

(11:04:58) [INFO]:    Running command: GOGDL_CONFIG_PATH=/home/sirdicholas/.config/heroic/gogdlConfig /opt/Heroic/resources/app.asar.unpacked/build/bin/x64/linux/gogdl --auth-config-path /home/sirdicholas/.config/heroic/gog_store/auth.json auth 

{"access_token":"<redacted>","expires_in":3600,"token_type":"bearer","scope":"","session_id":"<redacted>","refresh_token":"<redacted>","user_id":"<redacted>","loginTime":1754704246.5091698}
(11:04:58) [INFO]:    Running command: GOGDL_CONFIG_PATH=/home/sirdicholas/.config/heroic/gogdlConfig /opt/Heroic/resources/app.asar.unpacked/build/bin/x64/linux/gogdl --auth-config-path /home/sirdicholas/.config/heroic/gog_store/auth.json auth 

{"access_token":"<redacted>","expires_in":3600,"token_type":"bearer","scope":"","session_id":"<redacted>","refresh_token":"<redacted>","user_id":"<redacted>","loginTime":1754704246.5091698}
(11:05:04) [INFO]:    Games List:
* Fallout 4: Game of the Year Edition (App name: 1998527297)
* Fallout: London (App name: 1491728574)

Total: 2
(11:05:04) [INFO]:    Running command: GOGDL_CONFIG_PATH=/home/sirdicholas/.config/heroic/gogdlConfig /opt/Heroic/resources/app.asar.unpacked/build/bin/x64/linux/gogdl --auth-config-path /home/sirdicholas/.config/heroic/gog_store/auth.json auth 

{"access_token":"<redacted>","expires_in":3600,"token_type":"bearer","scope":"","session_id":"<redacted>","refresh_token":"<redacted>","user_id":"<redacted>","loginTime":1754704246.5091698}
(11:09:58) [INFO]:    Running command: GOGDL_CONFIG_PATH=/home/sirdicholas/.config/heroic/gogdlConfig /opt/Heroic/resources/app.asar.unpacked/build/bin/x64/linux/gogdl --auth-config-path /home/sirdicholas/.config/heroic/gog_store/auth.json auth 

{"access_token":"<redacted>","expires_in":3600,"token_type":"bearer","scope":"","session_id":"<redacted>","refresh_token":"<redacted>","user_id":"<redacted>","loginTime":1754704246.5091698}
(11:14:58) [INFO]:    Running command: GOGDL_CONFIG_PATH=/home/sirdicholas/.config/heroic/gogdlConfig /opt/Heroic/resources/app.asar.unpacked/build/bin/x64/linux/gogdl --auth-config-path /home/sirdicholas/.config/heroic/gog_store/auth.json auth 

{"access_token":"<redacted>","expires_in":3600,"token_type":"bearer","scope":"","session_id":"<redacted>","refresh_token":"<redacted>","user_id":"<redacted>","loginTime":1754704246.5091698}
(11:19:58) [INFO]:    Running command: GOGDL_CONFIG_PATH=/home/sirdicholas/.config/heroic/gogdlConfig /opt/Heroic/resources/app.asar.unpacked/build/bin/x64/linux/gogdl --auth-config-path /home/sirdicholas/.config/heroic/gog_store/auth.json auth 

{"access_token":"<redacted>","expires_in":3600,"token_type":"bearer","scope":"","session_id":"<redacted>","refresh_token":"<redacted>","user_id":"<redacted>","loginTime":1754704246.5091698}
(11:24:58) [INFO]:    Running command: GOGDL_CONFIG_PATH=/home/sirdicholas/.config/heroic/gogdlConfig /opt/Heroic/resources/app.asar.unpacked/build/bin/x64/linux/gogdl --auth-config-path /home/sirdicholas/.config/heroic/gog_store/auth.json auth 

{"access_token":"<redacted>","expires_in":3600,"token_type":"bearer","scope":"","session_id":"<redacted>","refresh_token":"<redacted>","user_id":"<redacted>","loginTime":1754704246.5091698}
(11:29:58) [INFO]:    Running command: GOGDL_CONFIG_PATH=/home/sirdicholas/.config/heroic/gogdlConfig /opt/Heroic/resources/app.asar.unpacked/build/bin/x64/linux/gogdl --auth-config-path /home/sirdicholas/.config/heroic/gog_store/auth.json auth 

{"access_token":"<redacted>","expires_in":3600,"token_type":"bearer","scope":"","session_id":"<redacted>","refresh_token":"<redacted>","user_id":"<redacted>","loginTime":1754704246.5091698}
(11:34:58) [INFO]:    Running command: GOGDL_CONFIG_PATH=/home/sirdicholas/.config/heroic/gogdlConfig /opt/Heroic/resources/app.asar.unpacked/build/bin/x64/linux/gogdl --auth-config-path /home/sirdicholas/.config/heroic/gog_store/auth.json auth 

{"access_token":"<redacted>","expires_in":3600,"token_type":"bearer","scope":"","session_id":"<redacted>","refresh_token":"<redacted>","user_id":"<redacted>","loginTime":1754704246.5091698}
(11:39:59) [INFO]:    Running command: GOGDL_CONFIG_PATH=/home/sirdicholas/.config/heroic/gogdlConfig /opt/Heroic/resources/app.asar.unpacked/build/bin/x64/linux/gogdl --auth-config-path /home/sirdicholas/.config/heroic/gog_store/auth.json auth 

{"access_token":"<redacted>","expires_in":3600,"token_type":"bearer","scope":"","session_id":"<redacted>","refresh_token":"<redacted>","user_id":"<redacted>","loginTime":1754704246.5091698}
(11:44:59) [INFO]:    Running command: GOGDL_CONFIG_PATH=/home/sirdicholas/.config/heroic/gogdlConfig /opt/Heroic/resources/app.asar.unpacked/build/bin/x64/linux/gogdl --auth-config-path /home/sirdicholas/.config/heroic/gog_store/auth.json auth 

{"access_token":"<redacted>","expires_in":3600,"token_type":"bearer","scope":"","session_id":"<redacted>","refresh_token":"<redacted>","user_id":"<redacted>","loginTime":1754704246.5091698}
(11:49:59) [INFO]:    Running command: GOGDL_CONFIG_PATH=/home/sirdicholas/.config/heroic/gogdlConfig /opt/Heroic/resources/app.asar.unpacked/build/bin/x64/linux/gogdl --auth-config-path /home/sirdicholas/.config/heroic/gog_store/auth.json auth 

{"access_token":"<redacted>","expires_in":3600,"token_type":"bearer","scope":"","session_id":"<redacted>","refresh_token":"<redacted>","user_id":"<redacted>","loginTime":1754704246.5091698}
(11:55:06) [INFO]:    Running command: GOGDL_CONFIG_PATH=/home/sirdicholas/.config/heroic/gogdlConfig /opt/Heroic/resources/app.asar.unpacked/build/bin/x64/linux/gogdl --auth-config-path /home/sirdicholas/.config/heroic/gog_store/auth.json auth 

{"access_token":"<redacted>","expires_in":3600,"token_type":"bearer","scope":"","session_id":"<redacted>","refresh_token":"<redacted>","user_id":"<redacted>","loginTime":1754708107.1060972}
(12:00:06) [INFO]:    Running command: GOGDL_CONFIG_PATH=/home/sirdicholas/.config/heroic/gogdlConfig /opt/Heroic/resources/app.asar.unpacked/build/bin/x64/linux/gogdl --auth-config-path /home/sirdicholas/.config/heroic/gog_store/auth.json auth 

{"access_token":"<redacted>","expires_in":3600,"token_type":"bearer","scope":"","session_id":"<redacted>","refresh_token":"<redacted>","user_id":"<redacted>","loginTime":1754708107.1060972}
(12:05:06) [INFO]:    Running command: GOGDL_CONFIG_PATH=/home/sirdicholas/.config/heroic/gogdlConfig /opt/Heroic/resources/app.asar.unpacked/build/bin/x64/linux/gogdl --auth-config-path /home/sirdicholas/.config/heroic/gog_store/auth.json auth 

{"access_token":"<redacted>","expires_in":3600,"token_type":"bearer","scope":"","session_id":"<redacted>","refresh_token":"<redacted>","user_id":"<redacted>","loginTime":1754708107.1060972}
(12:10:14) [INFO]:    Running command: GOGDL_CONFIG_PATH=/home/sirdicholas/.config/heroic/gogdlConfig /opt/Heroic/resources/app.asar.unpacked/build/bin/x64/linux/gogdl --auth-config-path /home/sirdicholas/.config/heroic/gog_store/auth.json auth 

{"access_token":"<redacted>","expires_in":3600,"token_type":"bearer","scope":"","session_id":"<redacted>","refresh_token":"<redacted>","user_id":"<redacted>","loginTime":1754708107.1060972}
(12:15:14) [INFO]:    Running command: GOGDL_CONFIG_PATH=/home/sirdicholas/.config/heroic/gogdlConfig /opt/Heroic/resources/app.asar.unpacked/build/bin/x64/linux/gogdl --auth-config-path /home/sirdicholas/.config/heroic/gog_store/auth.json auth 

{"access_token":"<redacted>","expires_in":3600,"token_type":"bearer","scope":"","session_id":"<redacted>","refresh_token":"<redacted>","user_id":"<redacted>","loginTime":1754708107.1060972}
(12:20:15) [INFO]:    Running command: GOGDL_CONFIG_PATH=/home/sirdicholas/.config/heroic/gogdlConfig /opt/Heroic/resources/app.asar.unpacked/build/bin/x64/linux/gogdl --auth-config-path /home/sirdicholas/.config/heroic/gog_store/auth.json auth 

{"access_token":"<redacted>","expires_in":3600,"token_type":"bearer","scope":"","session_id":"<redacted>","refresh_token":"<redacted>","user_id":"<redacted>","loginTime":1754708107.1060972}
(12:25:15) [INFO]:    Running command: GOGDL_CONFIG_PATH=/home/sirdicholas/.config/heroic/gogdlConfig /opt/Heroic/resources/app.asar.unpacked/build/bin/x64/linux/gogdl --auth-config-path /home/sirdicholas/.config/heroic/gog_store/auth.json auth 

{"access_token":"<redacted>","expires_in":3600,"token_type":"bearer","scope":"","session_id":"<redacted>","refresh_token":"<redacted>","user_id":"<redacted>","loginTime":1754708107.1060972}
(12:30:15) [INFO]:    Running command: GOGDL_CONFIG_PATH=/home/sirdicholas/.config/heroic/gogdlConfig /opt/Heroic/resources/app.asar.unpacked/build/bin/x64/linux/gogdl --auth-config-path /home/sirdicholas/.config/heroic/gog_store/auth.json auth 

{"access_token":"<redacted>","expires_in":3600,"token_type":"bearer","scope":"","session_id":"<redacted>","refresh_token":"<redacted>","user_id":"<redacted>","loginTime":1754708107.1060972}
(12:35:15) [INFO]:    Running command: GOGDL_CONFIG_PATH=/home/sirdicholas/.config/heroic/gogdlConfig /opt/Heroic/resources/app.asar.unpacked/build/bin/x64/linux/gogdl --auth-config-path /home/sirdicholas/.config/heroic/gog_store/auth.json auth 

{"access_token":"<redacted>","expires_in":3600,"token_type":"bearer","scope":"","session_id":"<redacted>","refresh_token":"<redacted>","user_id":"<redacted>","loginTime":1754708107.1060972}
(12:36:58) [INFO]:    Running command: GOGDL_CONFIG_PATH=/home/sirdicholas/.config/heroic/gogdlConfig /opt/Heroic/resources/app.asar.unpacked/build/bin/x64/linux/gogdl --auth-config-path /home/sirdicholas/.config/heroic/gog_store/auth.json auth 

