2025-08-10 07:14:58.139 [info] Extension host with pid 7592 started
2025-08-10 07:14:58.139 [info] Skipping acquiring lock for /home/sirdicholas/.config/VSCodium/User/workspaceStorage/ba32be80ec2d6d444358cc41f0df55a2.
2025-08-10 07:14:58.266 [info] ExtensionService#_doActivateExtension vscode.emmet, startup: false, activationEvent: 'onLanguage'
2025-08-10 07:14:58.318 [info] ExtensionService#_doActivateExtension vscode.terminal-suggest, startup: false, activationEvent: 'onTerminalShellIntegration:*'
2025-08-10 07:14:58.347 [info] ExtensionService#_doActivateExtension vscode.git-base, startup: true, activationEvent: '*', root cause: vscode.git
2025-08-10 07:14:58.364 [info] ExtensionService#_doActivateExtension vscode.git, startup: true, activationEvent: '*'
2025-08-10 07:14:58.388 [info] ExtensionService#_doActivateExtension vscode.github, startup: true, activationEvent: '*'
2025-08-10 07:14:58.440 [info] Eager extensions activated
2025-08-10 07:14:58.453 [info] ExtensionService#_doActivateExtension vscode.debug-auto-launch, startup: false, activationEvent: 'onStartupFinished'
2025-08-10 07:14:58.454 [info] ExtensionService#_doActivateExtension vscode.merge-conflict, startup: false, activationEvent: 'onStartupFinished'
2025-08-10 07:14:58.463 [info] ExtensionService#_doActivateExtension Catppuccin.catppuccin-vsc, startup: false, activationEvent: 'onStartupFinished'
2025-08-10 07:14:58.465 [info] ExtensionService#_doActivateExtension Catppuccin.catppuccin-vsc-icons, startup: false, activationEvent: 'onStartupFinished'
2025-08-10 07:14:58.508 [info] ExtensionService#_doActivateExtension Continue.continue, startup: false, activationEvent: 'onStartupFinished'
2025-08-10 07:14:58.926 [info] ExtensionService#_doActivateExtension vscode.configuration-editing, startup: false, activationEvent: 'onLanguage:jsonc'
2025-08-10 07:14:58.930 [info] ExtensionService#_doActivateExtension vscode.json-language-features, startup: false, activationEvent: 'onLanguage:jsonc'
2025-08-10 07:14:58.957 [info] ExtensionService#_doActivateExtension vscode.typescript-language-features, startup: false, activationEvent: 'onLanguage:jsonc'
2025-08-10 07:14:59.035 [info] ExtensionService#_doActivateExtension vscode.github-authentication, startup: false, activationEvent: 'onAuthenticationRequest:github'
2025-08-10 08:10:28.014 [warning] TextEditor is closed/disposed
2025-08-10 08:11:03.117 [warning] TextEditor is closed/disposed
2025-08-10 08:16:16.676 [warning] TextEditor is closed/disposed
2025-08-10 08:16:33.608 [warning] TextEditor is closed/disposed
2025-08-10 08:22:04.768 [warning] TextEditor is closed/disposed
2025-08-10 08:22:43.809 [warning] TextEditor is closed/disposed
2025-08-10 08:22:46.687 [warning] TextEditor is closed/disposed
2025-08-10 08:22:57.980 [warning] TextEditor is closed/disposed
2025-08-10 08:24:12.931 [warning] TextEditor is closed/disposed
2025-08-10 08:25:40.328 [warning] TextEditor is closed/disposed
2025-08-10 08:26:14.098 [warning] TextEditor is closed/disposed
2025-08-10 08:26:26.873 [warning] TextEditor is closed/disposed
2025-08-10 08:28:01.898 [warning] TextEditor is closed/disposed
2025-08-10 08:29:20.351 [warning] TextEditor is closed/disposed
2025-08-10 08:55:18.883 [warning] [Decorations] CAPPING events from decorations provider vscode.git 10001
2025-08-10 08:55:24.073 [warning] [Decorations] CAPPING events from decorations provider vscode.git 10000
