2025-08-09 14:01:29.614 [info] Reading sessions from keychain...
2025-08-09 14:01:29.614 [info] Getting sessions for all scopes...
2025-08-09 14:01:29.614 [info] Got stored sessions!
2025-08-09 14:01:29.614 [info] Got 1 verified sessions.
2025-08-09 14:01:29.614 [info] Got 1 sessions for ...
2025-08-09 14:01:29.614 [info] Getting sessions for all scopes...
2025-08-09 14:01:29.614 [info] Got 1 sessions for ...
2025-08-09 14:01:29.614 [info] Getting sessions for all scopes...
2025-08-09 14:01:29.614 [info] Got 1 sessions for ...
2025-08-09 14:01:29.614 [info] Getting sessions for read:user,repo,user:email,workflow...
2025-08-09 14:01:29.614 [info] Got 1 sessions for read:user,repo,user:email,workflow...
2025-08-09 14:01:31.061 [info] Getting sessions for all scopes...
2025-08-09 14:01:31.061 [info] Got 1 sessions for ...
2025-08-09 14:01:31.062 [info] Getting sessions for all scopes...
2025-08-09 14:01:31.062 [info] Got 1 sessions for ...
2025-08-09 14:01:31.064 [info] Getting sessions for all scopes...
2025-08-09 14:01:31.064 [info] Got 1 sessions for ...
2025-08-09 19:57:06.023 [info] Getting sessions for read:user,repo,user:email,workflow...
2025-08-09 19:57:06.023 [info] Got 1 sessions for read:user,repo,user:email,workflow...
2025-08-09 19:57:06.993 [info] Getting sessions for read:user,repo,user:email,workflow...
2025-08-09 19:57:06.993 [info] Got 1 sessions for read:user,repo,user:email,workflow...
2025-08-09 19:59:52.128 [info] Getting sessions for read:user,repo,user:email,workflow...
2025-08-09 19:59:52.128 [info] Got 1 sessions for read:user,repo,user:email,workflow...
2025-08-09 19:59:54.371 [info] Getting sessions for read:user,repo,user:email,workflow...
2025-08-09 19:59:54.371 [info] Got 1 sessions for read:user,repo,user:email,workflow...
