2025-08-09 13:41:05.500 [warning] Via 'product.json#extensionEnabledApiProposals' extension 'ms-vsliveshare.vsliveshare' wants API proposal 'notebookCellExecutionState' but that proposal DOES NOT EXIST. Likely, the proposal has been finalized (check 'vscode.d.ts') or was abandoned.
2025-08-09 13:41:05.511 [warning] Via 'product.json#extensionEnabledApiProposals' extension 'ms-python.gather' wants API proposal 'notebookCellExecutionState' but that proposal DOES NOT EXIST. Likely, the proposal has been finalized (check 'vscode.d.ts') or was abandoned.
2025-08-09 13:41:05.511 [warning] Via 'product.json#extensionEnabledApiProposals' extension 'ms-python.vscode-pylance' wants API proposal 'mcpConfigurationProvider' but that proposal DOES NOT EXIST. Likely, the proposal has been finalized (check 'vscode.d.ts') or was abandoned.
2025-08-09 13:41:05.682 [info] Started local extension host with pid 29263.
2025-08-09 13:41:05.691 [info] Started initializing default profile extensions in extensions installation folder. file:///home/sirdicholas/.vscode-oss/extensions
2025-08-09 13:41:05.692 [info] ChatSessionStore: Migrating 0 chat sessions from storage service to file system
2025-08-09 13:41:05.827 [info] Completed initializing default profile extensions in extensions installation folder. file:///home/sirdicholas/.vscode-oss/extensions
2025-08-09 13:41:08.550 [info] [perf] Render performance baseline is 14ms
2025-08-09 13:43:13.150 [info] [Continue.continue]: Command `continue.focusContinueInput` already registered by Continue - open-source AI code assistant (Continue.continue)
2025-08-09 13:43:14.006 [warning] Authentication provider continue was not declared in the Extension Manifest.
2025-08-09 13:43:14.007 [error] [Extension Host] (node:29263) [DEP0040] DeprecationWarning: The `punycode` module is deprecated. Please use a userland alternative instead.
(Use `exe --trace-deprecation ...` to show where the warning was created)
2025-08-09 13:43:14.010 [error] [Extension Host] Failed to register Continue config.yaml schema, most likely, YAML extension is not installed CodeExpectedError: Unable to write to User Settings because yaml.schemas is not a registered configuration.
    at dbt.toConfigurationEditingError (vscode-file://vscode-app/usr/share/vscodium/resources/app/out/vs/workbench/workbench.desktop.main.js:3357:8350)
    at dbt.validate (vscode-file://vscode-app/usr/share/vscodium/resources/app/out/vs/workbench/workbench.desktop.main.js:3357:11156)
    at dbt.doWriteConfiguration (vscode-file://vscode-app/usr/share/vscodium/resources/app/out/vs/workbench/workbench.desktop.main.js:3357:4720)
    at Object.factory (vscode-file://vscode-app/usr/share/vscodium/resources/app/out/vs/workbench/workbench.desktop.main.js:3357:4576)
    at C_.consume (vscode-file://vscode-app/usr/share/vscodium/resources/app/out/vs/workbench/workbench.desktop.main.js:30:77069)
    at vscode-file://vscode-app/usr/share/vscodium/resources/app/out/vs/workbench/workbench.desktop.main.js:30:76884
    at new Promise (<anonymous>)
    at C_.queue (vscode-file://vscode-app/usr/share/vscodium/resources/app/out/vs/workbench/workbench.desktop.main.js:30:76808)
    at dbt.writeConfiguration (vscode-file://vscode-app/usr/share/vscodium/resources/app/out/vs/workbench/workbench.desktop.main.js:3357:4545)
    at krn.writeConfigurationValue (vscode-file://vscode-app/usr/share/vscodium/resources/app/out/vs/workbench/workbench.desktop.main.js:3357:61572)
2025-08-09 13:43:15.047 [error] An unknown error occurred. Please consult the log for more details.
2025-08-09 13:45:36.836 [error] [Extension Host] Error handling webview message: {
  "msg": {
    "messageId": "93456996-052a-4658-bdf5-af9f5af21343",
    "messageType": "getControlPlaneSessionInfo",
    "data": {
      "silent": false,
      "useOnboarding": false
    }
  }
}

Error: User did not consent to login.
2025-08-09 13:55:08.359 [warning] Via 'product.json#extensionEnabledApiProposals' extension 'ms-vsliveshare.vsliveshare' wants API proposal 'notebookCellExecutionState' but that proposal DOES NOT EXIST. Likely, the proposal has been finalized (check 'vscode.d.ts') or was abandoned.
2025-08-09 13:55:08.359 [warning] Via 'product.json#extensionEnabledApiProposals' extension 'ms-python.gather' wants API proposal 'notebookCellExecutionState' but that proposal DOES NOT EXIST. Likely, the proposal has been finalized (check 'vscode.d.ts') or was abandoned.
2025-08-09 13:55:08.359 [warning] Via 'product.json#extensionEnabledApiProposals' extension 'ms-python.vscode-pylance' wants API proposal 'mcpConfigurationProvider' but that proposal DOES NOT EXIST. Likely, the proposal has been finalized (check 'vscode.d.ts') or was abandoned.
2025-08-09 13:55:08.485 [info] Started local extension host with pid 32783.
2025-08-09 13:55:08.487 [info] ChatSessionStore: Migrating 0 chat sessions from storage service to file system
2025-08-09 13:55:11.106 [info] [perf] Render performance baseline is 14ms
2025-08-09 13:55:11.613 [info] [Continue.continue]: Command `continue.focusContinueInput` already registered by Continue - open-source AI code assistant (Continue.continue)
2025-08-09 13:55:11.847 [error] Error while getting the latest version for the extension catppuccin.catppuccin-vsc-icons from https://open-vsx.org/vscode/gallery/vscode/{publisher}/{name}/latest. Trying the fallback https://open-vsx.org/vscode/gallery/{publisher}/{name}/latest Unexpected token '<', "<!DOCTYPE "... is not valid JSON:
<!DOCTYPE html>
<html lang="en">

<head>
    <title>Open VSX Registry</title>
    <meta charset="UTF-8">
    <meta name="viewport" content="width=device-width, initial-scale=1">
    <link rel="stylesheet" href="https://fonts.googleapis.com/css?family=Roboto:300,400,500,700&display=swap" />

    <!-- Google Tag Manager -->
    <script>(function(w,d,s,l,i){w[l]=w[l]||[];w[l].push({'gtm.start':
    new Date().getTime(),event:'gtm.js'});var f=d.getElementsByTagName(s)[0],
    j=d.createElement(s),dl=l!='dataLayer'?'&l='+l:'';j.async=true;j.src=
    'https://www.googletagmanager.com/gtm.js?id='+i+dl;f.parentNode.insertBefore(j,f);
    })(window,document,'script','dataLayer','GTM-5WLCZXC');</script>

    <!-- Eclipse Cookie Consent -->
    <link rel="stylesheet" type="text/css"
        href="//www.eclipse.org/eclipse.org-common/themes/solstice/public/stylesheets/vendor/cookieconsent/cookieconsent.min.css" />
    <script
        src="//www.eclipse.org/eclipse.org-common/themes/solstice/public/javascript/vendor/cookieconsent/default.min.js">
    </script>
    <style>
        a.cc-btn.cc-allow {
            background-color: #c160ef;
        }
        a.cc-btn.cc-allow:hover, a.cc-btn.cc-allow:focus {
            background-color: #444;
        }
        .cc-revoke {
            display: none !important;
        }
        @media (prefers-color-scheme: dark) {
          body {
            background-color: #121212;
          }
        }
    </style>
</head>

<body>
    <!-- Google Tag Manager (noscript) -->
    <noscript><iframe title="Google Tag Manager" src="https://www.googletagmanager.com/ns.html?id=GTM-5WLCZXC" height="0" width="0" style="display:none;visibility:hidden"></iframe></noscript>
    <!-- End Google Tag Manager (noscript) -->
    <div id="main"></div>
    <script src='/bundle.js' ></script>
</body>

</html>

2025-08-09 13:55:12.069 [error] Error while getting the latest version for the extension continue.continue from https://open-vsx.org/vscode/gallery/vscode/{publisher}/{name}/latest. Trying the fallback https://open-vsx.org/vscode/gallery/{publisher}/{name}/latest Unexpected token '<', "<!DOCTYPE "... is not valid JSON:
<!DOCTYPE html>
<html lang="en">

<head>
    <title>Open VSX Registry</title>
    <meta charset="UTF-8">
    <meta name="viewport" content="width=device-width, initial-scale=1">
    <link rel="stylesheet" href="https://fonts.googleapis.com/css?family=Roboto:300,400,500,700&display=swap" />

    <!-- Google Tag Manager -->
    <script>(function(w,d,s,l,i){w[l]=w[l]||[];w[l].push({'gtm.start':
    new Date().getTime(),event:'gtm.js'});var f=d.getElementsByTagName(s)[0],
    j=d.createElement(s),dl=l!='dataLayer'?'&l='+l:'';j.async=true;j.src=
    'https://www.googletagmanager.com/gtm.js?id='+i+dl;f.parentNode.insertBefore(j,f);
    })(window,document,'script','dataLayer','GTM-5WLCZXC');</script>

    <!-- Eclipse Cookie Consent -->
    <link rel="stylesheet" type="text/css"
        href="//www.eclipse.org/eclipse.org-common/themes/solstice/public/stylesheets/vendor/cookieconsent/cookieconsent.min.css" />
    <script
        src="//www.eclipse.org/eclipse.org-common/themes/solstice/public/javascript/vendor/cookieconsent/default.min.js">
    </script>
    <style>
        a.cc-btn.cc-allow {
            background-color: #c160ef;
        }
        a.cc-btn.cc-allow:hover, a.cc-btn.cc-allow:focus {
            background-color: #444;
        }
        .cc-revoke {
            display: none !important;
        }
        @media (prefers-color-scheme: dark) {
          body {
            background-color: #121212;
          }
        }
    </style>
</head>

<body>
    <!-- Google Tag Manager (noscript) -->
    <noscript><iframe title="Google Tag Manager" src="https://www.googletagmanager.com/ns.html?id=GTM-5WLCZXC" height="0" width="0" style="display:none;visibility:hidden"></iframe></noscript>
    <!-- End Google Tag Manager (noscript) -->
    <div id="main"></div>
    <script src='/bundle.js' ></script>
</body>

</html>

2025-08-09 13:55:12.284 [error] Error while getting the latest version for the extension catppuccin.catppuccin-vsc from https://open-vsx.org/vscode/gallery/vscode/{publisher}/{name}/latest. Trying the fallback https://open-vsx.org/vscode/gallery/{publisher}/{name}/latest Unexpected token '<', "<!DOCTYPE "... is not valid JSON:
<!DOCTYPE html>
<html lang="en">

<head>
    <title>Open VSX Registry</title>
    <meta charset="UTF-8">
    <meta name="viewport" content="width=device-width, initial-scale=1">
    <link rel="stylesheet" href="https://fonts.googleapis.com/css?family=Roboto:300,400,500,700&display=swap" />

    <!-- Google Tag Manager -->
    <script>(function(w,d,s,l,i){w[l]=w[l]||[];w[l].push({'gtm.start':
    new Date().getTime(),event:'gtm.js'});var f=d.getElementsByTagName(s)[0],
    j=d.createElement(s),dl=l!='dataLayer'?'&l='+l:'';j.async=true;j.src=
    'https://www.googletagmanager.com/gtm.js?id='+i+dl;f.parentNode.insertBefore(j,f);
    })(window,document,'script','dataLayer','GTM-5WLCZXC');</script>

    <!-- Eclipse Cookie Consent -->
    <link rel="stylesheet" type="text/css"
        href="//www.eclipse.org/eclipse.org-common/themes/solstice/public/stylesheets/vendor/cookieconsent/cookieconsent.min.css" />
    <script
        src="//www.eclipse.org/eclipse.org-common/themes/solstice/public/javascript/vendor/cookieconsent/default.min.js">
    </script>
    <style>
        a.cc-btn.cc-allow {
            background-color: #c160ef;
        }
        a.cc-btn.cc-allow:hover, a.cc-btn.cc-allow:focus {
            background-color: #444;
        }
        .cc-revoke {
            display: none !important;
        }
        @media (prefers-color-scheme: dark) {
          body {
            background-color: #121212;
          }
        }
    </style>
</head>

<body>
    <!-- Google Tag Manager (noscript) -->
    <noscript><iframe title="Google Tag Manager" src="https://www.googletagmanager.com/ns.html?id=GTM-5WLCZXC" height="0" width="0" style="display:none;visibility:hidden"></iframe></noscript>
    <!-- End Google Tag Manager (noscript) -->
    <div id="main"></div>
    <script src='/bundle.js' ></script>
</body>

</html>

2025-08-09 13:55:12.599 [warning] Authentication provider continue was not declared in the Extension Manifest.
2025-08-09 13:55:12.600 [error] [Extension Host] (node:32783) [DEP0040] DeprecationWarning: The `punycode` module is deprecated. Please use a userland alternative instead.
(Use `exe --trace-deprecation ...` to show where the warning was created)
2025-08-09 13:55:12.602 [error] [Extension Host] Failed to register Continue config.yaml schema, most likely, YAML extension is not installed CodeExpectedError: Unable to write to User Settings because yaml.schemas is not a registered configuration.
    at dbt.toConfigurationEditingError (vscode-file://vscode-app/usr/share/vscodium/resources/app/out/vs/workbench/workbench.desktop.main.js:3357:8350)
    at dbt.validate (vscode-file://vscode-app/usr/share/vscodium/resources/app/out/vs/workbench/workbench.desktop.main.js:3357:11156)
    at dbt.doWriteConfiguration (vscode-file://vscode-app/usr/share/vscodium/resources/app/out/vs/workbench/workbench.desktop.main.js:3357:4720)
    at Object.factory (vscode-file://vscode-app/usr/share/vscodium/resources/app/out/vs/workbench/workbench.desktop.main.js:3357:4576)
    at C_.consume (vscode-file://vscode-app/usr/share/vscodium/resources/app/out/vs/workbench/workbench.desktop.main.js:30:77069)
    at vscode-file://vscode-app/usr/share/vscodium/resources/app/out/vs/workbench/workbench.desktop.main.js:30:76884
    at new Promise (<anonymous>)
    at C_.queue (vscode-file://vscode-app/usr/share/vscodium/resources/app/out/vs/workbench/workbench.desktop.main.js:30:76808)
    at dbt.writeConfiguration (vscode-file://vscode-app/usr/share/vscodium/resources/app/out/vs/workbench/workbench.desktop.main.js:3357:4545)
    at krn.writeConfigurationValue (vscode-file://vscode-app/usr/share/vscodium/resources/app/out/vs/workbench/workbench.desktop.main.js:3357:61572)
2025-08-09 13:56:15.347 [error] [Extension Host] GET /repos/sirdich/sirLinux - 404 with id 8B1A:2C29C6:1FBFA02:6647354:6896D4EF in 678ms
