(09:53:03) [INFO]:    Launching "Fallout 4: Game of the Year Edition" (gog)
(09:53:03) [INFO]:    Native? false
(09:53:03) [INFO]:    Installed in: /home/sirdicholas/Games/Heroic/Fallout 4 GOTY 

(09:53:03) [INFO]:    System Info: 
CPU: 16x AMD Ryzen 7 9700X 8-Core Processor
Memory: 67.01 GB (used: 7.84 GB)
GPUs:
  GPU 0:
    Name: Advanced Micro Devices, Inc. [AMD/ATI] Navi 48 [Radeon RX 9070/9070 XT/9070 GRE]
    IDs: D=7550 V=1002 SD=8811 SV=1eae
    Driver: amdgpu
OS: EndeavourOS 6.15.9-arch1-1 (linux)

The current system is not a Steam Deck
We are not running inside a Flatpak container

Software Versions:
  Heroic: 2.18.1 "Waterfall Beard" Jorul
  Legendary: 0.20.37 Exit 17 (Heroic)
  gogdl: 1.1.2
  comet: comet 0.2.0
  Nile: 1.1.2 Will A. Zeppeli

(09:53:03) [INFO]:    Game Settings: {
  "autoInstallDxvkNvapi": true,
  "preferSystemLibs": false,
  "enableEsync": true,
  "enableFsync": true,
  "enableWineWayland": false,
  "enableHDR": false,
  "enableWoW64": false,
  "nvidiaPrime": false,
  "enviromentOptions": [],
  "wrapperOptions": [],
  "showFps": false,
  "useGameMode": false,
  "battlEyeRuntime": true,
  "eacRuntime": true,
  "language": "",
  "beforeLaunchScriptPath": "",
  "afterLaunchScriptPath": "",
  "verboseLogs": true,
  "wineVersion": {
    "bin": "/usr/share/steam/compatibilitytools.d/proton-ge-custom/proton",
    "name": "Proton - proton-ge-custom",
    "type": "proton"
  },
  "winePrefix": "/home/sirdicholas/Games/Heroic/Prefixes/default/Fallout 4 Game of the Year Edition",
  "gogSaves": [
    {
      "name": "saves",
      "location": "/home/sirdicholas/Games/Heroic/Prefixes/default/Fallout 4 Game of the Year Edition/pfx/dosdevices/c:/users/steamuser/Documents/My Games/Fallout4"
    }
  ]
} 

(09:53:04) [INFO]:    Winetricks packages: 

(09:53:08) [INFO]:    Launching Fallout 4: Game of the Year Edition: HEROIC_APP_NAME=1998527297 HEROIC_APP_RUNNER=gog GAMEID=umu-377160 HEROIC_APP_SOURCE=gog STORE=gog STEAM_COMPAT_INSTALL_PATH="/home/sirdicholas/Games/Heroic/Fallout 4 GOTY" LD_PRELOAD= STEAM_COMPAT_CLIENT_INSTALL_PATH=/home/sirdicholas/.steam/steam WINEPREFIX="/home/sirdicholas/Games/Heroic/Prefixes/default/Fallout 4 Game of the Year Edition" STEAM_COMPAT_DATA_PATH="/home/sirdicholas/Games/Heroic/Prefixes/default/Fallout 4 Game of the Year Edition" PROTONPATH=/usr/share/steam/compatibilitytools.d/proton-ge-custom WINE_FULLSCREEN_FSR=0 PROTON_ENABLE_NVAPI=1 DXVK_NVAPI_ALLOW_OTHER_DRIVERS=1 PROTON_EAC_RUNTIME=/home/sirdicholas/.config/heroic/tools/runtimes/eac_runtime PROTON_BATTLEYE_RUNTIME=/home/sirdicholas/.config/heroic/tools/runtimes/battleye_runtime STEAM_COMPAT_APP_ID=0 SteamAppId=0 SteamGameId="heroic-Fallout 4 GOTY" PROTON_LOG_DIR=/home/sirdicholas WINEDEBUG=+fixme DXVK_LOG_LEVEL=info VKD3D_DEBUG=fixme GOGDL_CONFIG_PATH=/home/sirdicholas/.config/heroic/gogdlConfig /opt/Heroic/resources/app.asar.unpacked/build/bin/x64/linux/gogdl --auth-config-path /home/sirdicholas/.config/heroic/gog_store/auth.json launch "/home/sirdicholas/Games/Heroic/Fallout 4 GOTY" 1998527297 --no-wine --wrapper "/home/sirdicholas/.config/heroic/tools/runtimes/umu/umu_run.py" --platform windows 

(09:53:08) [INFO]:    Game Output:
INFO: umu-launcher version 1.2.9 (3.13.5 (main, Jun 21 2025, 09:35:00) [GCC 15.1.1 20250425])
INFO: steamrt3 is up to date
pressure-vessel-wrap[82152]: W: Not sharing path STEAM_COMPAT_MOUNTS="...:/usr/share/steam/compatibilitytools.d/proton-ge-custom:..." with container because "/usr" is reserved by the container framework
ProtonFixes[82255] WARN: [CONFIG]: Parent directory "/home/sirdicholas/.config/protonfixes" does not exist. Abort.
ProtonFixes[82255] INFO: Running protonfixes on "GE-Proton10-10", build at 2025-07-19 04:57:28+00:00.
ProtonFixes[82255] INFO: Running checks
ProtonFixes[82255] INFO: All checks successful
ProtonFixes[82255] INFO: Non-steam game Fallout 4 (umu-377160)
ProtonFixes[82255] INFO: GOG store specified, using GOG database
ProtonFixes[82255] INFO: No global defaults found for Fallout 4 (umu-377160)
ProtonFixes[82255] INFO: Non-steam game Fallout 4 (umu-377160)
ProtonFixes[82255] INFO: GOG store specified, using GOG database
ProtonFixes[82255] INFO: No global protonfix found for Fallout 4 (umu-377160)
Proton: /home/sirdicholas/Games/Heroic/Fallout 4 GOTY/Fallout4Launcher.exe
Proton: Executable a unix path, launching with /unix option.
wineserver: NTSync up and running!
002c:fixme:winediag:loader_init wine-staging 10.0 is a testing version containing experimental patches.
002c:fixme:winediag:loader_init Please mention your exact version when filing bug reports on winehq.org.
00a0:err:ntoskrnl:ZwLoadDriver failed to create driver L"\\Registry\\Machine\\System\\CurrentControlSet\\Services\\winebth": c0000142
0034:fixme:service:scmdatabase_autostart_services Auto-start service L"winebth" failed to start: 1114
WARNING: radv is not a conformant Vulkan implementation, testing use only.
00e0:fixme:file:GetLongPathNameW UNC pathname L"\\\\?\\Z:\\run\\host\\usr\\share\\steam\\compatibilitytools.d\\proton-ge-custom\\files\\share\\wine/../xalia/xalia.exe"
00e0:fixme:file:GetLongPathNameW UNC pathname L"\\\\?\\Z:\\run\\host\\usr\\share\\steam\\compatibilitytools.d\\proton-ge-custom\\files\\share\\wine/../xalia/xalia.exe"
00e0:fixme:file:GetLongPathNameW UNC pathname L"\\\\?\\Z:\\run\\host\\usr\\share\\steam\\compatibilitytools.d\\proton-ge-custom\\files\\share\\wine/../xalia/xalia.exe"
00e0:fixme:file:GetLongPathNameW UNC pathname L"\\\\?\\Z:\\run\\host\\usr\\share\\steam\\compatibilitytools.d\\proton-ge-custom\\files\\share\\wine/../xalia/xalia.exe"
0120:fixme:oleacc:find_class_data unhandled window class: L"#32769"
0120:fixme:uiautomation:uia_get_providers_for_hwnd Override provider callback currently unimplemented.
0120:fixme:uiautomation:default_uia_provider_callback Default ProviderType_NonClientArea provider unimplemented.
0120:fixme:oleacc:find_class_data unhandled window class: L"#32769"
00d8:fixme:ver:GetCurrentPackageId (000000000011F470 0000000000000000): stub
00d8:fixme:toolhelp:CreateToolhelp32Snapshot Unimplemented: heap list snapshot
00d8:fixme:toolhelp:Heap32ListFirst : stub
00d8:fixme:ntdll:NtQuerySystemInformation info_class SYSTEM_PERFORMANCE_INFORMATION
0138:fixme:ver:GetCurrentPackageId (000000000138FF50 0000000000000000): stub
0120:fixme:uiautomation:base_hwnd_fragment_get_FragmentRoot 000000000081B2B8, 000000000021F9D0: stub!
0120:fixme:uiautomation:base_hwnd_fragment_GetEmbeddedFragmentRoots 000000000081B2B8, 000000000021F9E0: stub!
0128:fixme:mscoree:parse_supported_runtime sku=L".NETFramework,Version=v4.8" not implemented
0128:fixme:mscoree:parse_supported_runtime sku=L".NETFramework,Version=v4.8" not implemented
0128:fixme:ntdll:NtQuerySystemInformation info_class SYSTEM_PERFORMANCE_INFORMATION
0128:fixme:combase:RoGetActivationFactory (L"Windows.Gaming.Input.RawGameController", {eb8d0792-e95a-4b19-afc7-0a59f8bf759e}, 00006FFFFC638960): semi-stub
0128:fixme:input:raw_controller_2_get_DisplayName iface 00000000034DD2B8, value 000000000011F400 stub!
0168:err:kerberos:kerberos_LsaApInitializePackage no Kerberos support, expect problems
0128:fixme:input:raw_controller_2_get_DisplayName iface 00000000034DD3F8, value 000000000011F400 stub!
0168:err:ntlm:ntlm_LsaApInitializePackage no NTLM support, expect problems
016c:fixme:secur32:get_cipher_algid unknown algorithm 23
016c:fixme:secur32:get_mac_algid unknown algorithm 200, cipher 23
0170:fixme:secur32:get_cipher_algid unknown algorithm 23
0170:fixme:secur32:get_mac_algid unknown algorithm 200, cipher 23
0174:fixme:secur32:get_cipher_algid unknown algorithm 23
0174:fixme:secur32:get_mac_algid unknown algorithm 200, cipher 23
info:  Game: Fallout4Launcher.exe
info:  DXVK: v2.7-5-g35aa75e68af0927
info:  Build: x86_64 gcc 10.3.0
info:  Vulkan: Found vkGetInstanceProcAddr in winevulkan.dll @ 0x6ffffbf8e540
info:  Extension providers:
info:    Platform WSI
info:    OpenVR
info:  OpenVR: could not open registry key, status 2
info:  OpenVR: Failed to locate module
info:    OpenXR
00d8:err:openxr:get_vulkan_extensions Could not create key, status 0x2.
warn:  OpenXR: Unable to get required Vulkan instance extensions size
info:  Enabled instance extensions:
info:    VK_EXT_surface_maintenance1
info:    VK_KHR_get_surface_capabilities2
info:    VK_KHR_surface
info:    VK_KHR_win32_surface
WARNING: radv is not a conformant Vulkan implementation, testing use only.
info:  Found device: AMD Radeon RX 9070 XT (RADV GFX1201) (radv 25.1.7)
00d8:err:openxr:get_vulkan_extensions Could not create key, status 0x2.
warn:  OpenXR: Unable to get required Vulkan Device extensions size
info:  D3D9: VK_FORMAT_D24_UNORM_S8_UINT -> VK_FORMAT_D32_SFLOAT_S8_UINT
info:  D3D9: VK_FORMAT_D24_UNORM_S8_UINT -> VK_FORMAT_D32_SFLOAT_S8_UINT
info:  D3D9: VK_FORMAT_D24_UNORM_S8_UINT -> VK_FORMAT_D32_SFLOAT_S8_UINT
info:  Process set as DPI aware
0134:fixme:oleacc:find_class_data unhandled window class: L"#32770"
0134:fixme:oleacc:find_class_data unhandled window class: L"#32769"
0134:fixme:oleacc:find_class_data unhandled window class: L"#32769"
0134:fixme:oleacc:find_class_data unhandled window class: L"Static"
0134:fixme:uiautomation:msaa_provider_GetPatternProvider Unimplemented patternId 10002
0134:fixme:uiautomation:base_hwnd_provider_GetPatternProvider 0000000000833CF0, 10002, 000000000192F8A0: stub
info:  Game: Fallout4Launcher.exe
info:  DXVK: v2.7-5-g35aa75e68af0927
info:  Build: x86_64 gcc 10.3.0
info:  Vulkan: Found vkGetInstanceProcAddr in winevulkan.dll @ 0x6ffffbf8e540
info:  Extension providers:
info:    Platform WSI
info:    OpenVR
info:  OpenVR: could not open registry key, status 2
info:  OpenVR: Failed to locate module
info:    OpenXR
00d8:err:openxr:get_vulkan_extensions Could not create key, status 0x2.
warn:  OpenXR: Unable to get required Vulkan instance extensions size
info:  Enabled instance extensions:
info:    VK_EXT_surface_maintenance1
info:    VK_KHR_get_surface_capabilities2
info:    VK_KHR_surface
info:    VK_KHR_win32_surface
WARNING: radv is not a conformant Vulkan implementation, testing use only.
info:  Found device: AMD Radeon RX 9070 XT (RADV GFX1201) (radv 25.1.7)
00d8:err:openxr:get_vulkan_extensions Could not create key, status 0x2.
warn:  OpenXR: Unable to get required Vulkan Device extensions size
info:  D3D9: VK_FORMAT_D24_UNORM_S8_UINT -> VK_FORMAT_D32_SFLOAT_S8_UINT
info:  D3D9: VK_FORMAT_D24_UNORM_S8_UINT -> VK_FORMAT_D32_SFLOAT_S8_UINT
info:  D3D9: VK_FORMAT_D24_UNORM_S8_UINT -> VK_FORMAT_D32_SFLOAT_S8_UINT
info:  Process set as DPI aware
0134:fixme:oleacc:find_class_data unhandled window class: L"#32770"
0134:fixme:oleacc:find_class_data unhandled window class: L"Button"
0134:fixme:uiautomation:msaa_provider_GetPatternProvider Unimplemented patternId 10002
0134:fixme:uiautomation:base_hwnd_provider_GetPatternProvider 00000000008406E0, 10002, 000000000192F8A0: stub
0134:fixme:oleacc:find_class_data unhandled window class: L"Button"
0134:fixme:uiautomation:msaa_provider_GetPatternProvider Unimplemented patternId 10002
0134:fixme:uiautomation:base_hwnd_provider_GetPatternProvider 0000000000833CF0, 10002, 000000000192F8A0: stub
0134:fixme:oleacc:find_class_data unhandled window class: L"Button"
0134:fixme:uiautomation:msaa_provider_GetPatternProvider Unimplemented patternId 10002
0134:fixme:uiautomation:base_hwnd_provider_GetPatternProvider 000000000083ED50, 10002, 000000000192F8A0: stub
00d8:err:dialog:EndDialog got invalid window handle (0000000000000000); buggy app !?
0134:fixme:oleacc:find_class_data unhandled window class: L"#32770"
0134:fixme:oleacc:find_class_data unhandled window class: L"Static"
0134:fixme:uiautomation:msaa_provider_GetPatternProvider Unimplemented patternId 10002
0134:fixme:uiautomation:base_hwnd_provider_GetPatternProvider 00000000008406E0, 10002, 000000000192F8A0: stub
info:  Game: Fallout4Launcher.exe
info:  DXVK: v2.7-5-g35aa75e68af0927
info:  Build: x86_64 gcc 10.3.0
info:  Vulkan: Found vkGetInstanceProcAddr in winevulkan.dll @ 0x6ffffbf8e540
info:  Extension providers:
info:    Platform WSI
info:    OpenVR
info:  OpenVR: could not open registry key, status 2
info:  OpenVR: Failed to locate module
info:    OpenXR
00d8:err:openxr:get_vulkan_extensions Could not create key, status 0x2.
warn:  OpenXR: Unable to get required Vulkan instance extensions size
info:  Enabled instance extensions:
info:    VK_EXT_surface_maintenance1
info:    VK_KHR_get_surface_capabilities2
info:    VK_KHR_surface
info:    VK_KHR_win32_surface
WARNING: radv is not a conformant Vulkan implementation, testing use only.
info:  Found device: AMD Radeon RX 9070 XT (RADV GFX1201) (radv 25.1.7)
00d8:err:openxr:get_vulkan_extensions Could not create key, status 0x2.
warn:  OpenXR: Unable to get required Vulkan Device extensions size
info:  D3D9: VK_FORMAT_D24_UNORM_S8_UINT -> VK_FORMAT_D32_SFLOAT_S8_UINT
info:  D3D9: VK_FORMAT_D24_UNORM_S8_UINT -> VK_FORMAT_D32_SFLOAT_S8_UINT
info:  D3D9: VK_FORMAT_D24_UNORM_S8_UINT -> VK_FORMAT_D32_SFLOAT_S8_UINT
info:  Process set as DPI aware
0134:fixme:oleacc:find_class_data unhandled window class: L"#32770"
0134:fixme:oleacc:find_class_data unhandled window class: L"Button"
0134:fixme:uiautomation:msaa_provider_GetPatternProvider Unimplemented patternId 10002
0134:fixme:uiautomation:base_hwnd_provider_GetPatternProvider 000000000083ED50, 10002, 000000000192F8A0: stub
0134:fixme:oleacc:find_class_data unhandled window class: L"ComboBox"
0134:fixme:uiautomation:msaa_provider_GetPatternProvider Unimplemented patternId 10002
0134:fixme:uiautomation:base_hwnd_provider_GetPatternProvider 000000000083B630, 10002, 000000000192F8A0: stub
0134:fixme:oleacc:find_class_data unhandled window class: L"Button"
0134:fixme:uiautomation:msaa_provider_GetPatternProvider Unimplemented patternId 10002
0134:fixme:uiautomation:base_hwnd_provider_GetPatternProvider 000000000083ED50, 10002, 000000000192F8A0: stub
0134:fixme:oleacc:find_class_data unhandled window class: L"Button"
0134:fixme:oleacc:find_class_data unhandled window class: L"ComboBox"
0134:fixme:uiautomation:msaa_provider_GetPatternProvider Unimplemented patternId 10002
0134:fixme:uiautomation:base_hwnd_provider_GetPatternProvider 000000000083B630, 10002, 000000000192F8A0: stub
0134:fixme:oleacc:find_class_data unhandled window class: L"msctls_trackbar32"
0134:fixme:oleacc:find_class_data unhandled window class: L"ComboBox"
0134:fixme:uiautomation:msaa_provider_GetPatternProvider Unimplemented patternId 10002
0134:fixme:uiautomation:base_hwnd_provider_GetPatternProvider 00000000008406E0, 10002, 000000000192F8A0: stub
0134:fixme:oleacc:find_class_data unhandled window class: L"#32770"
0134:fixme:oleacc:find_class_data unhandled window class: L"Button"
0134:fixme:uiautomation:msaa_provider_GetPatternProvider Unimplemented patternId 10002
0134:fixme:uiautomation:base_hwnd_provider_GetPatternProvider 000000000083B630, 10002, 000000000192F8A0: stub
0134:fixme:oleacc:find_class_data unhandled window class: L"#32770"
0134:fixme:oleacc:find_class_data unhandled window class: L"Button"
0134:fixme:uiautomation:msaa_provider_GetPatternProvider Unimplemented patternId 10002
0134:fixme:uiautomation:base_hwnd_provider_GetPatternProvider 00000000008406E0, 10002, 000000000192F8A0: stub
0134:fixme:oleacc:find_class_data unhandled window class: L"Button"
0134:fixme:uiautomation:msaa_provider_GetPatternProvider Unimplemented patternId 10002
0134:fixme:uiautomation:base_hwnd_provider_GetPatternProvider 000000000083ED50, 10002, 000000000192F8A0: stub
0134:fixme:oleacc:find_class_data unhandled window class: L"Button"
0134:fixme:uiautomation:msaa_provider_GetPatternProvider Unimplemented patternId 10002
0134:fixme:uiautomation:base_hwnd_provider_GetPatternProvider 0000000000822590, 10002, 000000000192F8A0: stub
0134:fixme:oleacc:find_class_data unhandled window class: L"#32770"
0134:fixme:oleacc:find_class_data unhandled window class: L"Static"
0134:fixme:oleacc:find_class_data unhandled window class: L"#32769"
0134:fixme:uiautomation:msaa_provider_GetPatternProvider Unimplemented patternId 10002
0134:fixme:uiautomation:base_hwnd_provider_GetPatternProvider 000000000083B630, 10002, 000000000192F8A0: stub
0134:fixme:oleacc:find_class_data unhandled window class: L"#32769"
0134:fixme:oleacc:find_class_data unhandled window class: L"Static"
0134:fixme:uiautomation:msaa_provider_GetPatternProvider Unimplemented patternId 10002
0134:fixme:uiautomation:base_hwnd_provider_GetPatternProvider 000000000083ED50, 10002, 000000000192F8A0: stub
0154:err:service:device_notify_proc failed to get event, error 1726
Launch command: ['/home/sirdicholas/.config/heroic/tools/runtimes/umu/umu_run.py', '/home/sirdicholas/Games/Heroic/Fallout 4 GOTY/Fallout4Launcher.exe']
All processes exited
============= End of log =============
