2025-08-09 13:41:06.111 [info] [main] Log level: Info
2025-08-09 13:41:06.111 [info] [main] Validating found git in: "git"
2025-08-09 13:41:06.111 [info] [main] Using git "2.50.1" from "git"
2025-08-09 13:41:06.111 [info] [Model][doInitialScan] Initial repository scan started
2025-08-09 13:41:06.111 [info] [Model][doInitialScan] Initial repository scan completed - repositories (0), closed repositories (0), parent repositories (0), unsafe repositories (0)
2025-08-09 13:44:32.733 [info] > git rev-parse --show-toplevel [3ms]
2025-08-09 13:44:32.733 [info] fatal: not a git repository (or any parent up to mount point /)
Stopping at filesystem boundary (GIT_DISCOVERY_ACROSS_FILESYSTEM not set).
2025-08-09 13:44:32.862 [info] > git rev-parse --show-toplevel [3ms]
2025-08-09 13:44:32.862 [info] fatal: not a git repository (or any parent up to mount point /)
Stopping at filesystem boundary (GIT_DISCOVERY_ACROSS_FILESYSTEM not set).
2025-08-09 13:44:32.942 [info] > git rev-parse --show-toplevel [1ms]
2025-08-09 13:44:32.942 [info] fatal: not a git repository (or any parent up to mount point /)
Stopping at filesystem boundary (GIT_DISCOVERY_ACROSS_FILESYSTEM not set).
2025-08-09 13:54:26.388 [info] > git rev-parse --show-toplevel [2ms]
2025-08-09 13:54:26.388 [info] fatal: not a git repository (or any parent up to mount point /)
Stopping at filesystem boundary (GIT_DISCOVERY_ACROSS_FILESYSTEM not set).
2025-08-09 13:55:12.128 [info] [main] Log level: Info
2025-08-09 13:55:12.128 [info] [main] Validating found git in: "git"
2025-08-09 13:55:12.128 [info] [main] Using git "2.50.1" from "git"
2025-08-09 13:55:12.128 [info] [Model][doInitialScan] Initial repository scan started
2025-08-09 13:55:12.128 [info] > git rev-parse --show-toplevel [0ms]
2025-08-09 13:55:12.128 [info] fatal: not a git repository (or any parent up to mount point /)
Stopping at filesystem boundary (GIT_DISCOVERY_ACROSS_FILESYSTEM not set).
2025-08-09 13:55:12.128 [info] [Model][doInitialScan] Initial repository scan completed - repositories (0), closed repositories (0), parent repositories (0), unsafe repositories (0)
2025-08-09 13:55:21.214 [info] > git init -b main [2ms]
2025-08-09 13:55:21.217 [info] > git rev-parse --show-toplevel [1ms]
2025-08-09 13:55:21.220 [info] > git rev-parse --git-dir --git-common-dir [0ms]
2025-08-09 13:55:21.226 [info] [Model][openRepository] Opened repository (path): /home/sirdicholas/dev/sirLinux
2025-08-09 13:55:21.226 [info] [Model][openRepository] Opened repository (real path): /home/sirdicholas/dev/sirLinux
2025-08-09 13:55:21.231 [info] > git config --get commit.template [1ms]
2025-08-09 13:55:21.235 [info] [Git][getRemotes] No remotes found in the git config file
2025-08-09 13:55:21.235 [info] > git for-each-ref --format=%(refname)%00%(upstream:short)%00%(objectname)%00%(upstream:track)%00%(upstream:remotename)%00%(upstream:remoteref) refs/heads/main refs/remotes/main [1ms]
2025-08-09 13:55:21.235 [warning] [Git][getBranch] No such branch: main
2025-08-09 13:55:21.241 [info] > git status -z -uall [3ms]
2025-08-09 13:55:21.242 [info] > git for-each-ref --sort -committerdate --format %(refname)%00%(objectname)%00%(*objectname) [1ms]
2025-08-09 13:55:21.252 [info] > git for-each-ref --format=%(refname)%00%(upstream:short)%00%(objectname)%00%(upstream:track)%00%(upstream:remotename)%00%(upstream:remoteref) refs/heads/main refs/remotes/main [6ms]
2025-08-09 13:55:21.252 [warning] [Git][getBranch] No such branch: main
2025-08-09 13:55:21.253 [error] [GitHistoryProvider][resolveHEADMergeBase] Failed to resolve merge base for main: Error: No such branch: main.
2025-08-09 13:55:21.255 [info] > git config --get commit.template [3ms]
2025-08-09 13:55:21.257 [info] [Git][getRemotes] No remotes found in the git config file
2025-08-09 13:55:21.258 [info] > git for-each-ref --format=%(refname)%00%(upstream:short)%00%(objectname)%00%(upstream:track)%00%(upstream:remotename)%00%(upstream:remoteref) refs/heads/main refs/remotes/main [1ms]
2025-08-09 13:55:21.258 [warning] [Git][getBranch] No such branch: main
2025-08-09 13:55:21.263 [info] > git status -z -uall [3ms]
2025-08-09 13:55:21.263 [info] > git for-each-ref --sort -committerdate --format %(refname)%00%(objectname)%00%(*objectname) [1ms]
2025-08-09 13:55:21.298 [info] > git log --format=%H%n%aN%n%aE%n%at%n%ct%n%P%n%D%n%B -z --shortstat --diff-merges=first-parent -n50 --skip=0 --topo-order --decorate=full --stdin [9ms]
2025-08-09 13:55:21.298 [info] fatal: bad revision 'refs/heads/main'
2025-08-09 13:55:21.298 [error] [GitHistoryProvider][provideHistoryItems] Failed to get history items with options '{"historyItemRefs":["refs/heads/main"],"limit":50,"skip":0}': Failed to execute git {
  "exitCode": 128,
  "gitCommand": "log",
  "stdout": "",
  "stderr": "fatal: bad revision 'refs/heads/main'\n"
}
2025-08-09 13:55:22.304 [info] [Git][getRemotes] No remotes found in the git config file
2025-08-09 13:55:22.305 [info] > git config --get commit.template [3ms]
2025-08-09 13:55:22.305 [info] > git for-each-ref --format=%(refname)%00%(upstream:short)%00%(objectname)%00%(upstream:track)%00%(upstream:remotename)%00%(upstream:remoteref) refs/heads/main refs/remotes/main [1ms]
2025-08-09 13:55:22.305 [warning] [Git][getBranch] No such branch: main
2025-08-09 13:55:22.310 [info] > git status -z -uall [3ms]
2025-08-09 13:55:22.310 [info] > git for-each-ref --sort -committerdate --format %(refname)%00%(objectname)%00%(*objectname) [0ms]
2025-08-09 13:56:16.773 [info] > git remote add origin https://github.com/sirdich/sirLinux.git [2ms]
2025-08-09 13:56:16.779 [info] > git config --get commit.template [3ms]
2025-08-09 13:56:16.780 [info] > git for-each-ref --format=%(refname)%00%(upstream:short)%00%(objectname)%00%(upstream:track)%00%(upstream:remotename)%00%(upstream:remoteref) refs/heads/main refs/remotes/main [1ms]
2025-08-09 13:56:16.780 [warning] [Git][getBranch] No such branch: main
2025-08-09 13:56:16.785 [info] > git status -z -uall [3ms]
2025-08-09 13:56:16.786 [info] > git for-each-ref --sort -committerdate --format %(refname)%00%(objectname)%00%(*objectname) [1ms]
2025-08-09 13:56:16.794 [info] > git push -u origin main [4ms]
2025-08-09 13:56:16.794 [info] error: src refspec main does not match any
error: failed to push some refs to 'https://github.com/sirdich/sirLinux.git'
2025-08-09 13:56:16.801 [info] > git config --get commit.template [3ms]
2025-08-09 13:56:16.801 [info] > git for-each-ref --format=%(refname)%00%(upstream:short)%00%(objectname)%00%(upstream:track)%00%(upstream:remotename)%00%(upstream:remoteref) refs/heads/main refs/remotes/main [0ms]
2025-08-09 13:56:16.801 [warning] [Git][getBranch] No such branch: main
2025-08-09 13:56:16.807 [info] > git status -z -uall [3ms]
2025-08-09 13:56:16.807 [info] > git for-each-ref --sort -committerdate --format %(refname)%00%(objectname)%00%(*objectname) [0ms]
2025-08-09 13:56:23.360 [info] > git config --get commit.template [3ms]
2025-08-09 13:56:23.360 [info] > git for-each-ref --format=%(refname)%00%(upstream:short)%00%(objectname)%00%(upstream:track)%00%(upstream:remotename)%00%(upstream:remoteref) refs/heads/main refs/remotes/main [0ms]
2025-08-09 13:56:23.360 [warning] [Git][getBranch] No such branch: main
2025-08-09 13:56:23.366 [info] > git status -z -uall [3ms]
2025-08-09 13:56:23.366 [info] > git for-each-ref --sort -committerdate --format %(refname)%00%(objectname)%00%(*objectname) [1ms]
2025-08-09 13:56:32.521 [info] > git log --format=%H%n%aN%n%aE%n%at%n%ct%n%P%n%D%n%B -z --shortstat --diff-merges=first-parent -n50 --skip=0 --topo-order --decorate=full --stdin [1ms]
2025-08-09 13:56:32.521 [info] fatal: bad revision 'refs/heads/main'
2025-08-09 13:56:32.521 [error] [GitHistoryProvider][provideHistoryItems] Failed to get history items with options '{"historyItemRefs":["refs/heads/main"],"limit":50,"skip":0}': Failed to execute git {
  "exitCode": 128,
  "gitCommand": "log",
  "stdout": "",
  "stderr": "fatal: bad revision 'refs/heads/main'\n"
}
2025-08-09 13:56:35.303 [info] > git push -u origin main [5ms]
2025-08-09 13:56:35.303 [info] error: src refspec main does not match any
error: failed to push some refs to 'https://github.com/sirdich/sirLinux.git'
2025-08-09 13:56:35.309 [info] > git config --get commit.template [3ms]
2025-08-09 13:56:35.310 [info] > git for-each-ref --format=%(refname)%00%(upstream:short)%00%(objectname)%00%(upstream:track)%00%(upstream:remotename)%00%(upstream:remoteref) refs/heads/main refs/remotes/main [1ms]
2025-08-09 13:56:35.310 [warning] [Git][getBranch] No such branch: main
2025-08-09 13:56:35.315 [info] > git status -z -uall [3ms]
2025-08-09 13:56:35.315 [info] > git for-each-ref --sort -committerdate --format %(refname)%00%(objectname)%00%(*objectname) [0ms]
2025-08-09 13:57:08.307 [info] > git show --textconv :readme.md [8ms]
2025-08-09 13:57:08.307 [info] > git ls-files --stage -- readme.md [5ms]
2025-08-09 13:57:08.322 [info] > git hash-object -t tree /dev/null [8ms]
2025-08-09 13:57:08.322 [warning] [GitFileSystemProvider][readFile] File not found - git:/home/sirdicholas/dev/sirLinux/readme.md.git?%7B%22path%22%3A%22%2Fhome%2Fsirdicholas%2Fdev%2FsirLinux%2Freadme.md%22%2C%22ref%22%3A%22%22%7D
2025-08-09 13:57:08.322 [info] > git hash-object -t tree /dev/null [11ms]
2025-08-09 13:57:08.322 [warning] [GitFileSystemProvider][stat] File not found - git:/home/sirdicholas/dev/sirLinux/readme.md.git?%7B%22path%22%3A%22%2Fhome%2Fsirdicholas%2Fdev%2FsirLinux%2Freadme.md%22%2C%22ref%22%3A%22%22%7D
2025-08-09 13:57:08.461 [info] > git check-ignore -v -z --stdin [1ms]
2025-08-09 13:57:09.066 [info] > git config --get commit.template [3ms]
2025-08-09 13:57:09.066 [info] > git for-each-ref --format=%(refname)%00%(upstream:short)%00%(objectname)%00%(upstream:track)%00%(upstream:remotename)%00%(upstream:remoteref) refs/heads/main refs/remotes/main [0ms]
2025-08-09 13:57:09.066 [warning] [Git][getBranch] No such branch: main
2025-08-09 13:57:09.072 [info] > git status -z -uall [3ms]
2025-08-09 13:57:09.073 [info] > git for-each-ref --sort -committerdate --format %(refname)%00%(objectname)%00%(*objectname) [1ms]
2025-08-09 13:57:37.802 [info] > git config --get commit.template [4ms]
2025-08-09 13:57:37.802 [info] > git for-each-ref --format=%(refname)%00%(upstream:short)%00%(objectname)%00%(upstream:track)%00%(upstream:remotename)%00%(upstream:remoteref) refs/heads/main refs/remotes/main [0ms]
2025-08-09 13:57:37.802 [warning] [Git][getBranch] No such branch: main
2025-08-09 13:57:37.809 [info] > git status -z -uall [4ms]
2025-08-09 13:57:37.809 [info] > git for-each-ref --sort -committerdate --format %(refname)%00%(objectname)%00%(*objectname) [1ms]
2025-08-09 13:57:38.688 [info] > git log --format=%H%n%aN%n%aE%n%at%n%ct%n%P%n%D%n%B -z --shortstat --diff-merges=first-parent -n50 --skip=0 --topo-order --decorate=full --stdin [1ms]
2025-08-09 13:57:38.688 [info] fatal: bad revision 'refs/heads/main'
2025-08-09 13:57:38.688 [error] [GitHistoryProvider][provideHistoryItems] Failed to get history items with options '{"historyItemRefs":["refs/heads/main"],"limit":50,"skip":0}': Failed to execute git {
  "exitCode": 128,
  "gitCommand": "log",
  "stdout": "",
  "stderr": "fatal: bad revision 'refs/heads/main'\n"
}
2025-08-09 13:57:46.538 [info] > git add -A -- . [1ms]
2025-08-09 13:57:46.543 [info] > git -c user.useConfigOnly=true commit --quiet [1ms]
2025-08-09 13:57:46.543 [info] Author identity unknown

*** Please tell me who you are.

Run

  git config --global user.email "you@example.com"
  git config --global user.name "Your Name"

to set your account's default identity.
Omit --global to set the identity only in this repository.

fatal: no email was given and auto-detection is disabled
2025-08-09 13:57:46.547 [info] > git config --get-all user.name [0ms]
2025-08-09 13:57:46.552 [info] > git config --get commit.template [1ms]
2025-08-09 13:57:46.556 [info] > git for-each-ref --format=%(refname)%00%(upstream:short)%00%(objectname)%00%(upstream:track)%00%(upstream:remotename)%00%(upstream:remoteref) refs/heads/main refs/remotes/main [0ms]
2025-08-09 13:57:46.556 [warning] [Git][getBranch] No such branch: main
2025-08-09 13:57:46.564 [info] > git status -z -uall [4ms]
2025-08-09 13:57:46.565 [info] > git for-each-ref --sort -committerdate --format %(refname)%00%(objectname)%00%(*objectname) [0ms]
2025-08-09 13:57:46.889 [info] > git show --textconv :readme.md [11ms]
2025-08-09 13:57:46.889 [info] > git show --textconv HEAD:readme.md [8ms]
2025-08-09 13:57:46.889 [info] > git ls-files --stage -- readme.md [5ms]
2025-08-09 13:57:46.892 [warning] [GitFileSystemProvider][readFile] File not found - git:/home/sirdicholas/dev/sirLinux/readme.md.git?%7B%22path%22%3A%22%2Fhome%2Fsirdicholas%2Fdev%2FsirLinux%2Freadme.md%22%2C%22ref%22%3A%22HEAD%22%7D
2025-08-09 13:57:46.893 [info] > git cat-file -s 216e4a9a0985b83399d1dbf1e1bc3028894f0d0b [1ms]
2025-08-09 13:57:46.893 [info] > git ls-tree -l HEAD -- readme.md [5ms]
2025-08-09 13:57:46.893 [info] fatal: Not a valid object name HEAD
2025-08-09 13:57:46.894 [warning] [GitFileSystemProvider][stat] File not found - git:/home/sirdicholas/dev/sirLinux/readme.md.git?%7B%22path%22%3A%22%2Fhome%2Fsirdicholas%2Fdev%2FsirLinux%2Freadme.md%22%2C%22ref%22%3A%22HEAD%22%7D
2025-08-09 13:57:54.035 [info] > git config --get commit.template [5ms]
2025-08-09 13:57:54.038 [info] > git ls-files --stage -- readme.md [4ms]
2025-08-09 13:57:54.041 [info] > git for-each-ref --format=%(refname)%00%(upstream:short)%00%(objectname)%00%(upstream:track)%00%(upstream:remotename)%00%(upstream:remoteref) refs/heads/main refs/remotes/main [3ms]
2025-08-09 13:57:54.041 [warning] [Git][getBranch] No such branch: main
2025-08-09 13:57:54.048 [info] > git status -z -uall [4ms]
2025-08-09 13:57:54.048 [info] > git cat-file -s 216e4a9a0985b83399d1dbf1e1bc3028894f0d0b [7ms]
2025-08-09 13:57:54.049 [info] > git for-each-ref --sort -committerdate --format %(refname)%00%(objectname)%00%(*objectname) [1ms]
2025-08-09 13:57:54.053 [info] > git show --textconv :readme.md [0ms]
2025-08-09 13:57:58.808 [info] > git push -u origin main [4ms]
2025-08-09 13:57:58.808 [info] error: src refspec main does not match any
error: failed to push some refs to 'https://github.com/sirdich/sirLinux.git'
2025-08-09 13:57:58.816 [info] > git config --get commit.template [4ms]
2025-08-09 13:57:58.816 [info] > git for-each-ref --format=%(refname)%00%(upstream:short)%00%(objectname)%00%(upstream:track)%00%(upstream:remotename)%00%(upstream:remoteref) refs/heads/main refs/remotes/main [0ms]
2025-08-09 13:57:58.816 [warning] [Git][getBranch] No such branch: main
2025-08-09 13:57:58.823 [info] > git status -z -uall [4ms]
2025-08-09 13:57:58.823 [info] > git for-each-ref --sort -committerdate --format %(refname)%00%(objectname)%00%(*objectname) [1ms]
